Command line invocation:
    /Applications/Xcode.app/Contents/Developer/usr/bin/xcodebuild -scheme Revive -destination "platform=iOS Simulator,name=iPhone 16 Pro" clean build

Resolve Package Graph


Resolved source packages:
  Revive: /Users/adithya/Documents/Revive.swiftpm

--- xcodebuild: WARNING: Using the first of multiple matching destinations:
{ platform:iOS Simulator, arch:arm64, id:C49E82B1-5AA4-48E0-A419-AD96FF5BE4D3, OS:18.6, name:iPhone 16 Pro }
{ platform:iOS Simulator, arch:x86_64, id:C49E82B1-5AA4-48E0-A419-AD96FF5BE4D3, OS:18.6, name:iPhone 16 Pro }
ComputePackagePrebuildTargetDependencyGraph

CreateBuildRequest

SendProjectDescription

CreateBuildOperation

** CLEAN SUCCEEDED **

--- xcodebuild: WARNING: Using the first of multiple matching destinations:
{ platform:iOS Simulator, arch:arm64, id:C49E82B1-5AA4-48E0-A419-AD96FF5BE4D3, OS:18.6, name:iPhone 16 Pro }
{ platform:iOS Simulator, arch:x86_64, id:C49E82B1-5AA4-48E0-A419-AD96FF5BE4D3, OS:18.6, name:iPhone 16 Pro }
ComputePackagePrebuildTargetDependencyGraph

Prepare packages

CreateBuildRequest

SendProjectDescription

CreateBuildOperation

ComputeTargetDependencyGraph
note: Building targets in dependency order
note: Target dependency graph (1 target)
    Target 'Revive' in project 'Revive' (no dependencies)

GatherProvisioningInputs

CreateBuildDescription

ExecuteExternalTool /Applications/Xcode.app/Contents/Developer/Toolchains/XcodeDefault.xctoolchain/usr/bin/clang -v -E -dM -isysroot /Applications/Xcode.app/Contents/Developer/Platforms/iPhoneSimulator.platform/Developer/SDKs/iPhoneSimulator18.5.sdk -x c -c /dev/null

ExecuteExternalTool /Applications/Xcode.app/Contents/Developer/usr/bin/actool --print-asset-tag-combinations --output-format xml1 /Users/adithya/Library/Developer/Xcode/DerivedData/Revive-ajgchooryvcsjkfdigxopqvnhwxt/Build/Intermediates.noindex/Revive.build/Debug-iphonesimulator/Revive.build/DerivedSources/AppPlaygroundDefaultAssetCatalog.xcassets

ExecuteExternalTool /Applications/Xcode.app/Contents/Developer/usr/bin/actool --version --output-format xml1

ExecuteExternalTool /Applications/Xcode.app/Contents/Developer/Toolchains/XcodeDefault.xctoolchain/usr/bin/swiftc --version

ExecuteExternalTool /Applications/Xcode.app/Contents/Developer/Toolchains/XcodeDefault.xctoolchain/usr/bin/ld -version_details

Build description signature: 70499a8d7dd457c0805c7d67054d0229
Build description path: /Users/adithya/Library/Developer/Xcode/DerivedData/Revive-ajgchooryvcsjkfdigxopqvnhwxt/Build/Intermediates.noindex/XCBuildData/70499a8d7dd457c0805c7d67054d0229.xcbuilddata
ClangStatCache /Applications/Xcode.app/Contents/Developer/Toolchains/XcodeDefault.xctoolchain/usr/bin/clang-stat-cache /Applications/Xcode.app/Contents/Developer/Platforms/iPhoneSimulator.platform/Developer/SDKs/iPhoneSimulator18.5.sdk /Users/adithya/Library/Developer/Xcode/DerivedData/SDKStatCaches.noindex/iphonesimulator18.5-22F76-d5fc8ad4295d2ef488fb7d0f804ce0c4.sdkstatcache
    cd /Users/adithya/Documents/Revive.swiftpm/.swiftpm/xcode
    /Applications/Xcode.app/Contents/Developer/Toolchains/XcodeDefault.xctoolchain/usr/bin/clang-stat-cache /Applications/Xcode.app/Contents/Developer/Platforms/iPhoneSimulator.platform/Developer/SDKs/iPhoneSimulator18.5.sdk -o /Users/adithya/Library/Developer/Xcode/DerivedData/SDKStatCaches.noindex/iphonesimulator18.5-22F76-d5fc8ad4295d2ef488fb7d0f804ce0c4.sdkstatcache

CreateBuildDirectory /Users/adithya/Library/Developer/Xcode/DerivedData/Revive-ajgchooryvcsjkfdigxopqvnhwxt/Build/Products
    cd /Users/adithya/Documents/Revive.swiftpm/.swiftpm/xcode
    builtin-create-build-directory /Users/adithya/Library/Developer/Xcode/DerivedData/Revive-ajgchooryvcsjkfdigxopqvnhwxt/Build/Products

CreateBuildDirectory /Users/adithya/Library/Developer/Xcode/DerivedData/Revive-ajgchooryvcsjkfdigxopqvnhwxt/Build/Intermediates.noindex
    cd /Users/adithya/Documents/Revive.swiftpm/.swiftpm/xcode
    builtin-create-build-directory /Users/adithya/Library/Developer/Xcode/DerivedData/Revive-ajgchooryvcsjkfdigxopqvnhwxt/Build/Intermediates.noindex

CreateBuildDirectory /Users/adithya/Library/Developer/Xcode/DerivedData/Revive-ajgchooryvcsjkfdigxopqvnhwxt/Build/Products/Debug-iphonesimulator
    cd /Users/adithya/Documents/Revive.swiftpm/.swiftpm/xcode
    builtin-create-build-directory /Users/adithya/Library/Developer/Xcode/DerivedData/Revive-ajgchooryvcsjkfdigxopqvnhwxt/Build/Products/Debug-iphonesimulator

CreateBuildDirectory /Users/adithya/Library/Developer/Xcode/DerivedData/Revive-ajgchooryvcsjkfdigxopqvnhwxt/Build/Intermediates.noindex/EagerLinkingTBDs/Debug-iphonesimulator
    cd /Users/adithya/Documents/Revive.swiftpm/.swiftpm/xcode
    builtin-create-build-directory /Users/adithya/Library/Developer/Xcode/DerivedData/Revive-ajgchooryvcsjkfdigxopqvnhwxt/Build/Intermediates.noindex/EagerLinkingTBDs/Debug-iphonesimulator

CreateBuildDirectory /Users/adithya/Library/Developer/Xcode/DerivedData/Revive-ajgchooryvcsjkfdigxopqvnhwxt/Build/Products/Debug-iphonesimulator/PackageFrameworks
    cd /Users/adithya/Documents/Revive.swiftpm/.swiftpm/xcode
    builtin-create-build-directory /Users/adithya/Library/Developer/Xcode/DerivedData/Revive-ajgchooryvcsjkfdigxopqvnhwxt/Build/Products/Debug-iphonesimulator/PackageFrameworks

WriteAuxiliaryFile /Users/adithya/Library/Developer/Xcode/DerivedData/Revive-ajgchooryvcsjkfdigxopqvnhwxt/Build/Intermediates.noindex/Revive.build/Debug-iphonesimulator/Revive.build/Revive-DebugDylibPath-normal-arm64.txt (in target 'Revive' from project 'Revive')
    cd /Users/adithya/Documents/Revive.swiftpm
    write-file /Users/adithya/Library/Developer/Xcode/DerivedData/Revive-ajgchooryvcsjkfdigxopqvnhwxt/Build/Intermediates.noindex/Revive.build/Debug-iphonesimulator/Revive.build/Revive-DebugDylibPath-normal-arm64.txt

WriteAuxiliaryFile /Users/adithya/Library/Developer/Xcode/DerivedData/Revive-ajgchooryvcsjkfdigxopqvnhwxt/Build/Intermediates.noindex/Revive.build/Debug-iphonesimulator/Revive.build/Revive-DebugDylibInstallName-normal-arm64.txt (in target 'Revive' from project 'Revive')
    cd /Users/adithya/Documents/Revive.swiftpm
    write-file /Users/adithya/Library/Developer/Xcode/DerivedData/Revive-ajgchooryvcsjkfdigxopqvnhwxt/Build/Intermediates.noindex/Revive.build/Debug-iphonesimulator/Revive.build/Revive-DebugDylibInstallName-normal-arm64.txt

WriteAuxiliaryFile /Users/adithya/Library/Developer/Xcode/DerivedData/Revive-ajgchooryvcsjkfdigxopqvnhwxt/Build/Intermediates.noindex/Revive.build/Debug-iphonesimulator/Revive.build/empty-Revive.plist (in target 'Revive' from project 'Revive')
    cd /Users/adithya/Documents/Revive.swiftpm
    write-file /Users/adithya/Library/Developer/Xcode/DerivedData/Revive-ajgchooryvcsjkfdigxopqvnhwxt/Build/Intermediates.noindex/Revive.build/Debug-iphonesimulator/Revive.build/empty-Revive.plist

WriteAuxiliaryFile /Users/adithya/Library/Developer/Xcode/DerivedData/Revive-ajgchooryvcsjkfdigxopqvnhwxt/Build/Intermediates.noindex/Revive.build/Debug-iphonesimulator/Revive.build/Revive.DependencyStaticMetadataFileList (in target 'Revive' from project 'Revive')
    cd /Users/adithya/Documents/Revive.swiftpm
    write-file /Users/adithya/Library/Developer/Xcode/DerivedData/Revive-ajgchooryvcsjkfdigxopqvnhwxt/Build/Intermediates.noindex/Revive.build/Debug-iphonesimulator/Revive.build/Revive.DependencyStaticMetadataFileList

WriteAuxiliaryFile /Users/adithya/Library/Developer/Xcode/DerivedData/Revive-ajgchooryvcsjkfdigxopqvnhwxt/Build/Intermediates.noindex/Revive.build/Debug-iphonesimulator/Revive.build/Revive.DependencyMetadataFileList (in target 'Revive' from project 'Revive')
    cd /Users/adithya/Documents/Revive.swiftpm
    write-file /Users/adithya/Library/Developer/Xcode/DerivedData/Revive-ajgchooryvcsjkfdigxopqvnhwxt/Build/Intermediates.noindex/Revive.build/Debug-iphonesimulator/Revive.build/Revive.DependencyMetadataFileList

WriteAuxiliaryFile /Users/adithya/Library/Developer/Xcode/DerivedData/Revive-ajgchooryvcsjkfdigxopqvnhwxt/Build/Intermediates.noindex/Revive.build/Debug-iphonesimulator/Revive.build/Objects-normal/arm64/Revive.LinkFileList (in target 'Revive' from project 'Revive')
    cd /Users/adithya/Documents/Revive.swiftpm
    write-file /Users/adithya/Library/Developer/Xcode/DerivedData/Revive-ajgchooryvcsjkfdigxopqvnhwxt/Build/Intermediates.noindex/Revive.build/Debug-iphonesimulator/Revive.build/Objects-normal/arm64/Revive.LinkFileList

WriteAuxiliaryFile /Users/adithya/Library/Developer/Xcode/DerivedData/Revive-ajgchooryvcsjkfdigxopqvnhwxt/Build/Intermediates.noindex/Revive.build/Debug-iphonesimulator/Revive.build/Objects-normal/arm64/Revive_const_extract_protocols.json (in target 'Revive' from project 'Revive')
    cd /Users/adithya/Documents/Revive.swiftpm
    write-file /Users/adithya/Library/Developer/Xcode/DerivedData/Revive-ajgchooryvcsjkfdigxopqvnhwxt/Build/Intermediates.noindex/Revive.build/Debug-iphonesimulator/Revive.build/Objects-normal/arm64/Revive_const_extract_protocols.json

WriteAuxiliaryFile /Users/adithya/Library/Developer/Xcode/DerivedData/Revive-ajgchooryvcsjkfdigxopqvnhwxt/Build/Intermediates.noindex/Revive.build/Debug-iphonesimulator/Revive.build/Objects-normal/arm64/Revive.SwiftFileList (in target 'Revive' from project 'Revive')
    cd /Users/adithya/Documents/Revive.swiftpm
    write-file /Users/adithya/Library/Developer/Xcode/DerivedData/Revive-ajgchooryvcsjkfdigxopqvnhwxt/Build/Intermediates.noindex/Revive.build/Debug-iphonesimulator/Revive.build/Objects-normal/arm64/Revive.SwiftFileList

WriteAuxiliaryFile /Users/adithya/Library/Developer/Xcode/DerivedData/Revive-ajgchooryvcsjkfdigxopqvnhwxt/Build/Intermediates.noindex/Revive.build/Debug-iphonesimulator/Revive.build/Objects-normal/arm64/Revive.SwiftConstValuesFileList (in target 'Revive' from project 'Revive')
    cd /Users/adithya/Documents/Revive.swiftpm
    write-file /Users/adithya/Library/Developer/Xcode/DerivedData/Revive-ajgchooryvcsjkfdigxopqvnhwxt/Build/Intermediates.noindex/Revive.build/Debug-iphonesimulator/Revive.build/Objects-normal/arm64/Revive.SwiftConstValuesFileList

WriteAuxiliaryFile /Users/adithya/Library/Developer/Xcode/DerivedData/Revive-ajgchooryvcsjkfdigxopqvnhwxt/Build/Intermediates.noindex/Revive.build/Debug-iphonesimulator/Revive.build/Objects-normal/arm64/Revive-OutputFileMap.json (in target 'Revive' from project 'Revive')
    cd /Users/adithya/Documents/Revive.swiftpm
    write-file /Users/adithya/Library/Developer/Xcode/DerivedData/Revive-ajgchooryvcsjkfdigxopqvnhwxt/Build/Intermediates.noindex/Revive.build/Debug-iphonesimulator/Revive.build/Objects-normal/arm64/Revive-OutputFileMap.json

WriteAuxiliaryFile /Users/adithya/Library/Developer/Xcode/DerivedData/Revive-ajgchooryvcsjkfdigxopqvnhwxt/Build/Intermediates.noindex/Revive.build/Debug-iphonesimulator/Revive.build/DerivedSources/Entitlements-Simulated.plist (in target 'Revive' from project 'Revive')
    cd /Users/adithya/Documents/Revive.swiftpm
    write-file /Users/adithya/Library/Developer/Xcode/DerivedData/Revive-ajgchooryvcsjkfdigxopqvnhwxt/Build/Intermediates.noindex/Revive.build/Debug-iphonesimulator/Revive.build/DerivedSources/Entitlements-Simulated.plist

MkDir /Users/adithya/Library/Developer/Xcode/DerivedData/Revive-ajgchooryvcsjkfdigxopqvnhwxt/Build/Products/Debug-iphonesimulator/Revive.app (in target 'Revive' from project 'Revive')
    cd /Users/adithya/Documents/Revive.swiftpm
    /bin/mkdir -p /Users/adithya/Library/Developer/Xcode/DerivedData/Revive-ajgchooryvcsjkfdigxopqvnhwxt/Build/Products/Debug-iphonesimulator/Revive.app

ProcessProductPackaging "" /Users/adithya/Library/Developer/Xcode/DerivedData/Revive-ajgchooryvcsjkfdigxopqvnhwxt/Build/Intermediates.noindex/Revive.build/Debug-iphonesimulator/Revive.build/Revive.app-Simulated.xcent (in target 'Revive' from project 'Revive')
    cd /Users/adithya/Documents/Revive.swiftpm
    
    Entitlements:
    
    {
    "application-identifier" = "YOUR_TEAM_ID.com.revive.survival";
}
    
    builtin-productPackagingUtility -entitlements -format xml -o /Users/adithya/Library/Developer/Xcode/DerivedData/Revive-ajgchooryvcsjkfdigxopqvnhwxt/Build/Intermediates.noindex/Revive.build/Debug-iphonesimulator/Revive.build/Revive.app-Simulated.xcent

ProcessProductPackagingDER /Users/adithya/Library/Developer/Xcode/DerivedData/Revive-ajgchooryvcsjkfdigxopqvnhwxt/Build/Intermediates.noindex/Revive.build/Debug-iphonesimulator/Revive.build/Revive.app-Simulated.xcent /Users/adithya/Library/Developer/Xcode/DerivedData/Revive-ajgchooryvcsjkfdigxopqvnhwxt/Build/Intermediates.noindex/Revive.build/Debug-iphonesimulator/Revive.build/Revive.app-Simulated.xcent.der (in target 'Revive' from project 'Revive')
    cd /Users/adithya/Documents/Revive.swiftpm
    /usr/bin/derq query -f xml -i /Users/adithya/Library/Developer/Xcode/DerivedData/Revive-ajgchooryvcsjkfdigxopqvnhwxt/Build/Intermediates.noindex/Revive.build/Debug-iphonesimulator/Revive.build/Revive.app-Simulated.xcent -o /Users/adithya/Library/Developer/Xcode/DerivedData/Revive-ajgchooryvcsjkfdigxopqvnhwxt/Build/Intermediates.noindex/Revive.build/Debug-iphonesimulator/Revive.build/Revive.app-Simulated.xcent.der --raw

GenerateAppPlaygroundAssetCatalog /Users/adithya/Library/Developer/Xcode/DerivedData/Revive-ajgchooryvcsjkfdigxopqvnhwxt/Build/Intermediates.noindex/Revive.build/Debug-iphonesimulator/Revive.build/DerivedSources/AppPlaygroundDefaultAssetCatalog.xcassets (in target 'Revive' from project 'Revive')
    cd /Users/adithya/Documents/Revive.swiftpm
    /Applications/Xcode.app/Contents/Developer/usr/bin/appleProductTypesTool -generatePlaceholderAppIconAsset -placeholderAppIconEnumName heart -appIconAssetName __PlaceholderAppIcon -generateAccentColorAsset -accentColorPresetName orange -accentColorAssetName __PresetAccentColor -output /Users/adithya/Library/Developer/Xcode/DerivedData/Revive-ajgchooryvcsjkfdigxopqvnhwxt/Build/Intermediates.noindex/Revive.build/Debug-iphonesimulator/Revive.build/DerivedSources/AppPlaygroundDefaultAssetCatalog.xcassets

CpResource /Users/adithya/Library/Developer/Xcode/DerivedData/Revive-ajgchooryvcsjkfdigxopqvnhwxt/Build/Products/Debug-iphonesimulator/Revive.app/water.json /Users/adithya/Documents/Revive.swiftpm/Sources/Resources/water.json (in target 'Revive' from project 'Revive')
    cd /Users/adithya/Documents/Revive.swiftpm
    builtin-copy -exclude .DS_Store -exclude CVS -exclude .svn -exclude .git -exclude .hg -resolve-src-symlinks /Users/adithya/Documents/Revive.swiftpm/Sources/Resources/water.json /Users/adithya/Library/Developer/Xcode/DerivedData/Revive-ajgchooryvcsjkfdigxopqvnhwxt/Build/Products/Debug-iphonesimulator/Revive.app

MkDir /Users/adithya/Library/Developer/Xcode/DerivedData/Revive-ajgchooryvcsjkfdigxopqvnhwxt/Build/Intermediates.noindex/Revive.build/Debug-iphonesimulator/Revive.build/assetcatalog_output/thinned (in target 'Revive' from project 'Revive')
    cd /Users/adithya/Documents/Revive.swiftpm
    /bin/mkdir -p /Users/adithya/Library/Developer/Xcode/DerivedData/Revive-ajgchooryvcsjkfdigxopqvnhwxt/Build/Intermediates.noindex/Revive.build/Debug-iphonesimulator/Revive.build/assetcatalog_output/thinned

MkDir /Users/adithya/Library/Developer/Xcode/DerivedData/Revive-ajgchooryvcsjkfdigxopqvnhwxt/Build/Intermediates.noindex/Revive.build/Debug-iphonesimulator/Revive.build/assetcatalog_output/unthinned (in target 'Revive' from project 'Revive')
    cd /Users/adithya/Documents/Revive.swiftpm
    /bin/mkdir -p /Users/adithya/Library/Developer/Xcode/DerivedData/Revive-ajgchooryvcsjkfdigxopqvnhwxt/Build/Intermediates.noindex/Revive.build/Debug-iphonesimulator/Revive.build/assetcatalog_output/unthinned

CpResource /Users/adithya/Library/Developer/Xcode/DerivedData/Revive-ajgchooryvcsjkfdigxopqvnhwxt/Build/Products/Debug-iphonesimulator/Revive.app/tools.json /Users/adithya/Documents/Revive.swiftpm/Sources/Resources/tools.json (in target 'Revive' from project 'Revive')
    cd /Users/adithya/Documents/Revive.swiftpm
    builtin-copy -exclude .DS_Store -exclude CVS -exclude .svn -exclude .git -exclude .hg -resolve-src-symlinks /Users/adithya/Documents/Revive.swiftpm/Sources/Resources/tools.json /Users/adithya/Library/Developer/Xcode/DerivedData/Revive-ajgchooryvcsjkfdigxopqvnhwxt/Build/Products/Debug-iphonesimulator/Revive.app

CpResource /Users/adithya/Library/Developer/Xcode/DerivedData/Revive-ajgchooryvcsjkfdigxopqvnhwxt/Build/Products/Debug-iphonesimulator/Revive.app/rescue.json /Users/adithya/Documents/Revive.swiftpm/Sources/Resources/rescue.json (in target 'Revive' from project 'Revive')
    cd /Users/adithya/Documents/Revive.swiftpm
    builtin-copy -exclude .DS_Store -exclude CVS -exclude .svn -exclude .git -exclude .hg -resolve-src-symlinks /Users/adithya/Documents/Revive.swiftpm/Sources/Resources/rescue.json /Users/adithya/Library/Developer/Xcode/DerivedData/Revive-ajgchooryvcsjkfdigxopqvnhwxt/Build/Products/Debug-iphonesimulator/Revive.app

Ld /Users/adithya/Library/Developer/Xcode/DerivedData/Revive-ajgchooryvcsjkfdigxopqvnhwxt/Build/Products/Debug-iphonesimulator/Revive.app/__preview.dylib normal (in target 'Revive' from project 'Revive')
    cd /Users/adithya/Documents/Revive.swiftpm
    /Applications/Xcode.app/Contents/Developer/Toolchains/XcodeDefault.xctoolchain/usr/bin/clang -Xlinker -reproducible -target arm64-apple-ios17.0-simulator -dynamiclib -isysroot /Applications/Xcode.app/Contents/Developer/Platforms/iPhoneSimulator.platform/Developer/SDKs/iPhoneSimulator18.5.sdk -O0 -L/Users/adithya/Library/Developer/Xcode/DerivedData/Revive-ajgchooryvcsjkfdigxopqvnhwxt/Build/Products/Debug-iphonesimulator -L/Applications/Xcode.app/Contents/Developer/Platforms/iPhoneSimulator.platform/Developer/usr/lib -F/Users/adithya/Library/Developer/Xcode/DerivedData/Revive-ajgchooryvcsjkfdigxopqvnhwxt/Build/Products/Debug-iphonesimulator -iframework /Applications/Xcode.app/Contents/Developer/Platforms/iPhoneSimulator.platform/Developer/Library/Frameworks -iframework /Applications/Xcode.app/Contents/Developer/Platforms/iPhoneSimulator.platform/Developer/SDKs/iPhoneSimulator18.5.sdk/Developer/Library/Frameworks -install_name @rpath/Revive.debug.dylib -dead_strip -rdynamic -Xlinker -no_deduplicate -Xlinker -objc_abi_version -Xlinker 2 -Xlinker -dependency_info -Xlinker /Users/adithya/Library/Developer/Xcode/DerivedData/Revive-ajgchooryvcsjkfdigxopqvnhwxt/Build/Intermediates.noindex/Revive.build/Debug-iphonesimulator/Revive.build/Objects-normal/arm64/Revive_dependency_info.dat -Xlinker -sectcreate -Xlinker __TEXT -Xlinker __entitlements -Xlinker /Users/adithya/Library/Developer/Xcode/DerivedData/Revive-ajgchooryvcsjkfdigxopqvnhwxt/Build/Intermediates.noindex/Revive.build/Debug-iphonesimulator/Revive.build/Revive.app-Simulated.xcent -Xlinker -sectcreate -Xlinker __TEXT -Xlinker __ents_der -Xlinker /Users/adithya/Library/Developer/Xcode/DerivedData/Revive-ajgchooryvcsjkfdigxopqvnhwxt/Build/Intermediates.noindex/Revive.build/Debug-iphonesimulator/Revive.build/Revive.app-Simulated.xcent.der -Xlinker -no_adhoc_codesign -o /Users/adithya/Library/Developer/Xcode/DerivedData/Revive-ajgchooryvcsjkfdigxopqvnhwxt/Build/Products/Debug-iphonesimulator/Revive.app/__preview.dylib

CpResource /Users/adithya/Library/Developer/Xcode/DerivedData/Revive-ajgchooryvcsjkfdigxopqvnhwxt/Build/Products/Debug-iphonesimulator/Revive.app/psychology.json /Users/adithya/Documents/Revive.swiftpm/Sources/Resources/psychology.json (in target 'Revive' from project 'Revive')
    cd /Users/adithya/Documents/Revive.swiftpm
    builtin-copy -exclude .DS_Store -exclude CVS -exclude .svn -exclude .git -exclude .hg -resolve-src-symlinks /Users/adithya/Documents/Revive.swiftpm/Sources/Resources/psychology.json /Users/adithya/Library/Developer/Xcode/DerivedData/Revive-ajgchooryvcsjkfdigxopqvnhwxt/Build/Products/Debug-iphonesimulator/Revive.app

CpResource /Users/adithya/Library/Developer/Xcode/DerivedData/Revive-ajgchooryvcsjkfdigxopqvnhwxt/Build/Products/Debug-iphonesimulator/Revive.app/shelter.json /Users/adithya/Documents/Revive.swiftpm/Sources/Resources/shelter.json (in target 'Revive' from project 'Revive')
    cd /Users/adithya/Documents/Revive.swiftpm
    builtin-copy -exclude .DS_Store -exclude CVS -exclude .svn -exclude .git -exclude .hg -resolve-src-symlinks /Users/adithya/Documents/Revive.swiftpm/Sources/Resources/shelter.json /Users/adithya/Library/Developer/Xcode/DerivedData/Revive-ajgchooryvcsjkfdigxopqvnhwxt/Build/Products/Debug-iphonesimulator/Revive.app

CpResource /Users/adithya/Library/Developer/Xcode/DerivedData/Revive-ajgchooryvcsjkfdigxopqvnhwxt/Build/Products/Debug-iphonesimulator/Revive.app/navigation.json /Users/adithya/Documents/Revive.swiftpm/Sources/Resources/navigation.json (in target 'Revive' from project 'Revive')
    cd /Users/adithya/Documents/Revive.swiftpm
    builtin-copy -exclude .DS_Store -exclude CVS -exclude .svn -exclude .git -exclude .hg -resolve-src-symlinks /Users/adithya/Documents/Revive.swiftpm/Sources/Resources/navigation.json /Users/adithya/Library/Developer/Xcode/DerivedData/Revive-ajgchooryvcsjkfdigxopqvnhwxt/Build/Products/Debug-iphonesimulator/Revive.app

SwiftDriver Revive normal arm64 com.apple.xcode.tools.swift.compiler (in target 'Revive' from project 'Revive')
    cd /Users/adithya/Documents/Revive.swiftpm/.swiftpm/xcode
    builtin-SwiftDriver -- /Applications/Xcode.app/Contents/Developer/Toolchains/XcodeDefault.xctoolchain/usr/bin/swiftc -module-name Revive -Onone -enforce-exclusivity\=checked @/Users/adithya/Library/Developer/Xcode/DerivedData/Revive-ajgchooryvcsjkfdigxopqvnhwxt/Build/Intermediates.noindex/Revive.build/Debug-iphonesimulator/Revive.build/Objects-normal/arm64/Revive.SwiftFileList -DSWIFT_PACKAGE -DDEBUG -DXcode -plugin-path /Applications/Xcode.app/Contents/Developer/Toolchains/XcodeDefault.xctoolchain/usr/lib/swift/host/plugins/testing -enable-experimental-feature DebugDescriptionMacro -sdk /Applications/Xcode.app/Contents/Developer/Platforms/iPhoneSimulator.platform/Developer/SDKs/iPhoneSimulator18.5.sdk -target arm64-apple-ios17.0-simulator -g -module-cache-path /Users/adithya/Library/Developer/Xcode/DerivedData/ModuleCache.noindex -Xfrontend -serialize-debugging-options -enable-testing -index-store-path /Users/adithya/Library/Developer/Xcode/DerivedData/Revive-ajgchooryvcsjkfdigxopqvnhwxt/Index.noindex/DataStore -swift-version 5 -I /Users/adithya/Library/Developer/Xcode/DerivedData/Revive-ajgchooryvcsjkfdigxopqvnhwxt/Build/Products/Debug-iphonesimulator -I /Applications/Xcode.app/Contents/Developer/Platforms/iPhoneSimulator.platform/Developer/usr/lib -F /Users/adithya/Library/Developer/Xcode/DerivedData/Revive-ajgchooryvcsjkfdigxopqvnhwxt/Build/Products/Debug-iphonesimulator -F /Applications/Xcode.app/Contents/Developer/Platforms/iPhoneSimulator.platform/Developer/Library/Frameworks -F /Applications/Xcode.app/Contents/Developer/Platforms/iPhoneSimulator.platform/Developer/SDKs/iPhoneSimulator18.5.sdk/Developer/Library/Frameworks -c -j8 -enable-batch-mode -incremental -Xcc -ivfsstatcache -Xcc /Users/adithya/Library/Developer/Xcode/DerivedData/SDKStatCaches.noindex/iphonesimulator18.5-22F76-d5fc8ad4295d2ef488fb7d0f804ce0c4.sdkstatcache -output-file-map /Users/adithya/Library/Developer/Xcode/DerivedData/Revive-ajgchooryvcsjkfdigxopqvnhwxt/Build/Intermediates.noindex/Revive.build/Debug-iphonesimulator/Revive.build/Objects-normal/arm64/Revive-OutputFileMap.json -use-frontend-parseable-output -save-temps -no-color-diagnostics -serialize-diagnostics -emit-dependencies -emit-module -emit-module-path /Users/adithya/Library/Developer/Xcode/DerivedData/Revive-ajgchooryvcsjkfdigxopqvnhwxt/Build/Intermediates.noindex/Revive.build/Debug-iphonesimulator/Revive.build/Objects-normal/arm64/Revive.swiftmodule -validate-clang-modules-once -clang-build-session-file /Users/adithya/Library/Developer/Xcode/DerivedData/ModuleCache.noindex/Session.modulevalidation -emit-const-values -Xfrontend -const-gather-protocols-file -Xfrontend /Users/adithya/Library/Developer/Xcode/DerivedData/Revive-ajgchooryvcsjkfdigxopqvnhwxt/Build/Intermediates.noindex/Revive.build/Debug-iphonesimulator/Revive.build/Objects-normal/arm64/Revive_const_extract_protocols.json -Xcc -I/Users/adithya/Library/Developer/Xcode/DerivedData/Revive-ajgchooryvcsjkfdigxopqvnhwxt/Build/Products/Debug-iphonesimulator/include -Xcc -I/Users/adithya/Library/Developer/Xcode/DerivedData/Revive-ajgchooryvcsjkfdigxopqvnhwxt/Build/Intermediates.noindex/Revive.build/Debug-iphonesimulator/Revive.build/DerivedSources-normal/arm64 -Xcc -I/Users/adithya/Library/Developer/Xcode/DerivedData/Revive-ajgchooryvcsjkfdigxopqvnhwxt/Build/Intermediates.noindex/Revive.build/Debug-iphonesimulator/Revive.build/DerivedSources/arm64 -Xcc -I/Users/adithya/Library/Developer/Xcode/DerivedData/Revive-ajgchooryvcsjkfdigxopqvnhwxt/Build/Intermediates.noindex/Revive.build/Debug-iphonesimulator/Revive.build/DerivedSources -Xcc -DSWIFT_PACKAGE -Xcc -DDEBUG\=1 -working-directory /Users/adithya/Documents/Revive.swiftpm/.swiftpm/xcode -experimental-emit-module-separately -disable-cmo

CpResource /Users/adithya/Library/Developer/Xcode/DerivedData/Revive-ajgchooryvcsjkfdigxopqvnhwxt/Build/Products/Debug-iphonesimulator/Revive.app/food.json /Users/adithya/Documents/Revive.swiftpm/Sources/Resources/food.json (in target 'Revive' from project 'Revive')
    cd /Users/adithya/Documents/Revive.swiftpm
    builtin-copy -exclude .DS_Store -exclude CVS -exclude .svn -exclude .git -exclude .hg -resolve-src-symlinks /Users/adithya/Documents/Revive.swiftpm/Sources/Resources/food.json /Users/adithya/Library/Developer/Xcode/DerivedData/Revive-ajgchooryvcsjkfdigxopqvnhwxt/Build/Products/Debug-iphonesimulator/Revive.app

CpResource /Users/adithya/Library/Developer/Xcode/DerivedData/Revive-ajgchooryvcsjkfdigxopqvnhwxt/Build/Products/Debug-iphonesimulator/Revive.app/firstaid.json /Users/adithya/Documents/Revive.swiftpm/Sources/Resources/firstaid.json (in target 'Revive' from project 'Revive')
    cd /Users/adithya/Documents/Revive.swiftpm
    builtin-copy -exclude .DS_Store -exclude CVS -exclude .svn -exclude .git -exclude .hg -resolve-src-symlinks /Users/adithya/Documents/Revive.swiftpm/Sources/Resources/firstaid.json /Users/adithya/Library/Developer/Xcode/DerivedData/Revive-ajgchooryvcsjkfdigxopqvnhwxt/Build/Products/Debug-iphonesimulator/Revive.app

CpResource /Users/adithya/Library/Developer/Xcode/DerivedData/Revive-ajgchooryvcsjkfdigxopqvnhwxt/Build/Products/Debug-iphonesimulator/Revive.app/fire.json /Users/adithya/Documents/Revive.swiftpm/Sources/Resources/fire.json (in target 'Revive' from project 'Revive')
    cd /Users/adithya/Documents/Revive.swiftpm
    builtin-copy -exclude .DS_Store -exclude CVS -exclude .svn -exclude .git -exclude .hg -resolve-src-symlinks /Users/adithya/Documents/Revive.swiftpm/Sources/Resources/fire.json /Users/adithya/Library/Developer/Xcode/DerivedData/Revive-ajgchooryvcsjkfdigxopqvnhwxt/Build/Products/Debug-iphonesimulator/Revive.app

CpResource /Users/adithya/Library/Developer/Xcode/DerivedData/Revive-ajgchooryvcsjkfdigxopqvnhwxt/Build/Products/Debug-iphonesimulator/Revive.app/environments.json /Users/adithya/Documents/Revive.swiftpm/Sources/Resources/environments.json (in target 'Revive' from project 'Revive')
    cd /Users/adithya/Documents/Revive.swiftpm
    builtin-copy -exclude .DS_Store -exclude CVS -exclude .svn -exclude .git -exclude .hg -resolve-src-symlinks /Users/adithya/Documents/Revive.swiftpm/Sources/Resources/environments.json /Users/adithya/Library/Developer/Xcode/DerivedData/Revive-ajgchooryvcsjkfdigxopqvnhwxt/Build/Products/Debug-iphonesimulator/Revive.app

CompileAssetCatalogVariant thinned /Users/adithya/Library/Developer/Xcode/DerivedData/Revive-ajgchooryvcsjkfdigxopqvnhwxt/Build/Products/Debug-iphonesimulator/Revive.app /Users/adithya/Library/Developer/Xcode/DerivedData/Revive-ajgchooryvcsjkfdigxopqvnhwxt/Build/Intermediates.noindex/Revive.build/Debug-iphonesimulator/Revive.build/DerivedSources/AppPlaygroundDefaultAssetCatalog.xcassets (in target 'Revive' from project 'Revive')
    cd /Users/adithya/Documents/Revive.swiftpm
    /Applications/Xcode.app/Contents/Developer/usr/bin/actool /Users/adithya/Library/Developer/Xcode/DerivedData/Revive-ajgchooryvcsjkfdigxopqvnhwxt/Build/Intermediates.noindex/Revive.build/Debug-iphonesimulator/Revive.build/DerivedSources/AppPlaygroundDefaultAssetCatalog.xcassets --compile /Users/adithya/Library/Developer/Xcode/DerivedData/Revive-ajgchooryvcsjkfdigxopqvnhwxt/Build/Intermediates.noindex/Revive.build/Debug-iphonesimulator/Revive.build/assetcatalog_output/thinned --output-format human-readable-text --notices --warnings --export-dependency-info /Users/adithya/Library/Developer/Xcode/DerivedData/Revive-ajgchooryvcsjkfdigxopqvnhwxt/Build/Intermediates.noindex/Revive.build/Debug-iphonesimulator/Revive.build/assetcatalog_dependencies_thinned --output-partial-info-plist /Users/adithya/Library/Developer/Xcode/DerivedData/Revive-ajgchooryvcsjkfdigxopqvnhwxt/Build/Intermediates.noindex/Revive.build/Debug-iphonesimulator/Revive.build/assetcatalog_generated_info.plist_thinned --app-icon __PlaceholderAppIcon --accent-color __PresetAccentColor --compress-pngs --enable-on-demand-resources YES --filter-for-thinning-device-configuration iPhone17,1 --filter-for-device-os-version 18.6 --development-region en --target-device iphone --target-device ipad --minimum-deployment-target 17.0 --platform iphonesimulator
/* com.apple.actool.compilation-results */
/Users/adithya/Library/Developer/Xcode/DerivedData/Revive-ajgchooryvcsjkfdigxopqvnhwxt/Build/Intermediates.noindex/Revive.build/Debug-iphonesimulator/Revive.build/assetcatalog_generated_info.plist_thinned
/Users/adithya/Library/Developer/Xcode/DerivedData/Revive-ajgchooryvcsjkfdigxopqvnhwxt/Build/Intermediates.noindex/Revive.build/Debug-iphonesimulator/Revive.build/assetcatalog_output/thinned/Assets.car
/Users/adithya/Library/Developer/Xcode/DerivedData/Revive-ajgchooryvcsjkfdigxopqvnhwxt/Build/Intermediates.noindex/Revive.build/Debug-iphonesimulator/Revive.build/assetcatalog_output/thinned/__PlaceholderAppIcon60x60@2x.png
/Users/adithya/Library/Developer/Xcode/DerivedData/Revive-ajgchooryvcsjkfdigxopqvnhwxt/Build/Intermediates.noindex/Revive.build/Debug-iphonesimulator/Revive.build/assetcatalog_output/thinned/__PlaceholderAppIcon76x76@2x~ipad.png


SwiftCompile normal arm64 Compiling\ InventoryQuestionView.swift,\ ArticleView.swift,\ DomainDetailView.swift,\ GuideMainView.swift /Users/adithya/Documents/Revive.swiftpm/Sources/Views/Emergency/InventoryQuestionView.swift /Users/adithya/Documents/Revive.swiftpm/Sources/Views/Guide/ArticleView.swift /Users/adithya/Documents/Revive.swiftpm/Sources/Views/Guide/DomainDetailView.swift /Users/adithya/Documents/Revive.swiftpm/Sources/Views/Guide/GuideMainView.swift (in target 'Revive' from project 'Revive')

SwiftCompile normal arm64 /Users/adithya/Documents/Revive.swiftpm/Sources/Views/Emergency/InventoryQuestionView.swift (in target 'Revive' from project 'Revive')
    cd /Users/adithya/Documents/Revive.swiftpm/.swiftpm/xcode
    

SwiftCompile normal arm64 /Users/adithya/Documents/Revive.swiftpm/Sources/Views/Guide/ArticleView.swift (in target 'Revive' from project 'Revive')
    cd /Users/adithya/Documents/Revive.swiftpm/.swiftpm/xcode
    

SwiftCompile normal arm64 /Users/adithya/Documents/Revive.swiftpm/Sources/Views/Guide/DomainDetailView.swift (in target 'Revive' from project 'Revive')
    cd /Users/adithya/Documents/Revive.swiftpm/.swiftpm/xcode
    

SwiftCompile normal arm64 /Users/adithya/Documents/Revive.swiftpm/Sources/Views/Guide/GuideMainView.swift (in target 'Revive' from project 'Revive')
    cd /Users/adithya/Documents/Revive.swiftpm/.swiftpm/xcode
    

SwiftCompile normal arm64 Compiling\ Layout.swift,\ Typography.swift,\ Color+Hex.swift,\ Article.swift,\ ContentDatabase.swift /Users/adithya/Documents/Revive.swiftpm/Sources/DesignSystem/Layout.swift /Users/adithya/Documents/Revive.swiftpm/Sources/DesignSystem/Typography.swift /Users/adithya/Documents/Revive.swiftpm/Sources/Extensions/Color+Hex.swift /Users/adithya/Documents/Revive.swiftpm/Sources/Models/Article.swift /Users/adithya/Documents/Revive.swiftpm/Sources/Models/ContentDatabase.swift (in target 'Revive' from project 'Revive')

SwiftCompile normal arm64 /Users/adithya/Documents/Revive.swiftpm/Sources/DesignSystem/Layout.swift (in target 'Revive' from project 'Revive')
    cd /Users/adithya/Documents/Revive.swiftpm/.swiftpm/xcode
    

SwiftCompile normal arm64 /Users/adithya/Documents/Revive.swiftpm/Sources/DesignSystem/Typography.swift (in target 'Revive' from project 'Revive')
    cd /Users/adithya/Documents/Revive.swiftpm/.swiftpm/xcode
    

SwiftCompile normal arm64 /Users/adithya/Documents/Revive.swiftpm/Sources/Extensions/Color+Hex.swift (in target 'Revive' from project 'Revive')
    cd /Users/adithya/Documents/Revive.swiftpm/.swiftpm/xcode
    

SwiftCompile normal arm64 /Users/adithya/Documents/Revive.swiftpm/Sources/Models/Article.swift (in target 'Revive' from project 'Revive')
    cd /Users/adithya/Documents/Revive.swiftpm/.swiftpm/xcode
    

SwiftCompile normal arm64 /Users/adithya/Documents/Revive.swiftpm/Sources/Models/ContentDatabase.swift (in target 'Revive' from project 'Revive')
    cd /Users/adithya/Documents/Revive.swiftpm/.swiftpm/xcode
    

SwiftCompile normal arm64 Compiling\ EmergencyFlow.swift,\ SurvivalDomain.swift,\ Technique.swift,\ HapticsService.swift /Users/adithya/Documents/Revive.swiftpm/Sources/Models/EmergencyFlow.swift /Users/adithya/Documents/Revive.swiftpm/Sources/Models/SurvivalDomain.swift /Users/adithya/Documents/Revive.swiftpm/Sources/Models/Technique.swift /Users/adithya/Documents/Revive.swiftpm/Sources/Services/HapticsService.swift (in target 'Revive' from project 'Revive')

SwiftCompile normal arm64 /Users/adithya/Documents/Revive.swiftpm/Sources/Models/EmergencyFlow.swift (in target 'Revive' from project 'Revive')
    cd /Users/adithya/Documents/Revive.swiftpm/.swiftpm/xcode
    

SwiftCompile normal arm64 /Users/adithya/Documents/Revive.swiftpm/Sources/Models/SurvivalDomain.swift (in target 'Revive' from project 'Revive')
    cd /Users/adithya/Documents/Revive.swiftpm/.swiftpm/xcode
    

SwiftCompile normal arm64 /Users/adithya/Documents/Revive.swiftpm/Sources/Models/Technique.swift (in target 'Revive' from project 'Revive')
    cd /Users/adithya/Documents/Revive.swiftpm/.swiftpm/xcode
    

SwiftCompile normal arm64 /Users/adithya/Documents/Revive.swiftpm/Sources/Services/HapticsService.swift (in target 'Revive' from project 'Revive')
    cd /Users/adithya/Documents/Revive.swiftpm/.swiftpm/xcode
    

SwiftEmitModule normal arm64 Emitting\ module\ for\ Revive (in target 'Revive' from project 'Revive')

EmitSwiftModule normal arm64 (in target 'Revive' from project 'Revive')
    cd /Users/adithya/Documents/Revive.swiftpm/.swiftpm/xcode
    
/Users/adithya/Documents/Revive.swiftpm/Sources/Services/SpeechSynthesisService.swift:7:17: warning: stored property 'synthesizer' of 'Sendable'-conforming class 'SpeechSynthesisService' has non-sendable type 'AVSpeechSynthesizer'; this is an error in the Swift 6 language mode
    private let synthesizer = AVSpeechSynthesizer()
                ^
/Applications/Xcode.app/Contents/Developer/Platforms/iPhoneSimulator.platform/Developer/SDKs/iPhoneSimulator18.5.sdk/System/Library/Frameworks/AVFAudio.framework/Headers/AVSpeechSynthesis.h:227:12: note: class 'AVSpeechSynthesizer' does not conform to the 'Sendable' protocol
@interface AVSpeechSynthesizer : NSObject
           ^

SwiftCompile normal arm64 Compiling\ App.swift,\ Animations.swift,\ ButtonStyles.swift,\ Colors.swift,\ GlassCard.swift /Users/adithya/Documents/Revive.swiftpm/Sources/App.swift /Users/adithya/Documents/Revive.swiftpm/Sources/DesignSystem/Animations.swift /Users/adithya/Documents/Revive.swiftpm/Sources/DesignSystem/ButtonStyles.swift /Users/adithya/Documents/Revive.swiftpm/Sources/DesignSystem/Colors.swift /Users/adithya/Documents/Revive.swiftpm/Sources/DesignSystem/GlassCard.swift (in target 'Revive' from project 'Revive')

SwiftCompile normal arm64 /Users/adithya/Documents/Revive.swiftpm/Sources/App.swift (in target 'Revive' from project 'Revive')
    cd /Users/adithya/Documents/Revive.swiftpm/.swiftpm/xcode
    

SwiftCompile normal arm64 /Users/adithya/Documents/Revive.swiftpm/Sources/DesignSystem/Animations.swift (in target 'Revive' from project 'Revive')
    cd /Users/adithya/Documents/Revive.swiftpm/.swiftpm/xcode
    

SwiftCompile normal arm64 /Users/adithya/Documents/Revive.swiftpm/Sources/DesignSystem/ButtonStyles.swift (in target 'Revive' from project 'Revive')
    cd /Users/adithya/Documents/Revive.swiftpm/.swiftpm/xcode
    

SwiftCompile normal arm64 /Users/adithya/Documents/Revive.swiftpm/Sources/DesignSystem/Colors.swift (in target 'Revive' from project 'Revive')
    cd /Users/adithya/Documents/Revive.swiftpm/.swiftpm/xcode
    

SwiftCompile normal arm64 /Users/adithya/Documents/Revive.swiftpm/Sources/DesignSystem/GlassCard.swift (in target 'Revive' from project 'Revive')
    cd /Users/adithya/Documents/Revive.swiftpm/.swiftpm/xcode
    

SwiftCompile normal arm64 Compiling\ ArticleRow.swift,\ RelatedTechniquesCard.swift,\ SearchBar.swift,\ SearchResultView.swift /Users/adithya/Documents/Revive.swiftpm/Sources/Views/Components/ArticleRow.swift /Users/adithya/Documents/Revive.swiftpm/Sources/Views/Components/RelatedTechniquesCard.swift /Users/adithya/Documents/Revive.swiftpm/Sources/Views/Components/SearchBar.swift /Users/adithya/Documents/Revive.swiftpm/Sources/Views/Components/SearchResultView.swift (in target 'Revive' from project 'Revive')

SwiftCompile normal arm64 /Users/adithya/Documents/Revive.swiftpm/Sources/Views/Components/ArticleRow.swift (in target 'Revive' from project 'Revive')
    cd /Users/adithya/Documents/Revive.swiftpm/.swiftpm/xcode
    

SwiftCompile normal arm64 /Users/adithya/Documents/Revive.swiftpm/Sources/Views/Components/RelatedTechniquesCard.swift (in target 'Revive' from project 'Revive')
    cd /Users/adithya/Documents/Revive.swiftpm/.swiftpm/xcode
    

SwiftCompile normal arm64 /Users/adithya/Documents/Revive.swiftpm/Sources/Views/Components/SearchBar.swift (in target 'Revive' from project 'Revive')
    cd /Users/adithya/Documents/Revive.swiftpm/.swiftpm/xcode
    

SwiftCompile normal arm64 /Users/adithya/Documents/Revive.swiftpm/Sources/Views/Components/SearchResultView.swift (in target 'Revive' from project 'Revive')
    cd /Users/adithya/Documents/Revive.swiftpm/.swiftpm/xcode
    

SwiftCompile normal arm64 Compiling\ MotionService.swift,\ SpeechRecognitionService.swift,\ SpeechSynthesisService.swift,\ TechniqueIconMapper.swift /Users/adithya/Documents/Revive.swiftpm/Sources/Services/MotionService.swift /Users/adithya/Documents/Revive.swiftpm/Sources/Services/SpeechRecognitionService.swift /Users/adithya/Documents/Revive.swiftpm/Sources/Services/SpeechSynthesisService.swift /Users/adithya/Documents/Revive.swiftpm/Sources/Services/TechniqueIconMapper.swift (in target 'Revive' from project 'Revive')

SwiftCompile normal arm64 /Users/adithya/Documents/Revive.swiftpm/Sources/Services/MotionService.swift (in target 'Revive' from project 'Revive')
    cd /Users/adithya/Documents/Revive.swiftpm/.swiftpm/xcode
    

SwiftCompile normal arm64 /Users/adithya/Documents/Revive.swiftpm/Sources/Services/SpeechRecognitionService.swift (in target 'Revive' from project 'Revive')
    cd /Users/adithya/Documents/Revive.swiftpm/.swiftpm/xcode
    

SwiftCompile normal arm64 /Users/adithya/Documents/Revive.swiftpm/Sources/Services/SpeechSynthesisService.swift (in target 'Revive' from project 'Revive')
    cd /Users/adithya/Documents/Revive.swiftpm/.swiftpm/xcode
    
/Users/adithya/Documents/Revive.swiftpm/Sources/Services/SpeechSynthesisService.swift:7:17: warning: stored property 'synthesizer' of 'Sendable'-conforming class 'SpeechSynthesisService' has non-sendable type 'AVSpeechSynthesizer'; this is an error in the Swift 6 language mode
    private let synthesizer = AVSpeechSynthesizer()
                ^
/Applications/Xcode.app/Contents/Developer/Platforms/iPhoneSimulator.platform/Developer/SDKs/iPhoneSimulator18.5.sdk/System/Library/Frameworks/AVFAudio.framework/Headers/AVSpeechSynthesis.h:227:12: note: class 'AVSpeechSynthesizer' does not conform to the 'Sendable' protocol
@interface AVSpeechSynthesizer : NSObject
           ^

SwiftCompile normal arm64 /Users/adithya/Documents/Revive.swiftpm/Sources/Services/TechniqueIconMapper.swift (in target 'Revive' from project 'Revive')
    cd /Users/adithya/Documents/Revive.swiftpm/.swiftpm/xcode
    

SwiftCompile normal arm64 Compiling\ HomeView.swift,\ ProgressDots.swift,\ StepCardPager.swift,\ StepCardView.swift /Users/adithya/Documents/Revive.swiftpm/Sources/Views/Home/HomeView.swift /Users/adithya/Documents/Revive.swiftpm/Sources/Views/StepCard/ProgressDots.swift /Users/adithya/Documents/Revive.swiftpm/Sources/Views/StepCard/StepCardPager.swift /Users/adithya/Documents/Revive.swiftpm/Sources/Views/StepCard/StepCardView.swift (in target 'Revive' from project 'Revive')

SwiftCompile normal arm64 /Users/adithya/Documents/Revive.swiftpm/Sources/Views/Home/HomeView.swift (in target 'Revive' from project 'Revive')
    cd /Users/adithya/Documents/Revive.swiftpm/.swiftpm/xcode
    

SwiftCompile normal arm64 /Users/adithya/Documents/Revive.swiftpm/Sources/Views/StepCard/ProgressDots.swift (in target 'Revive' from project 'Revive')
    cd /Users/adithya/Documents/Revive.swiftpm/.swiftpm/xcode
    

SwiftCompile normal arm64 /Users/adithya/Documents/Revive.swiftpm/Sources/Views/StepCard/StepCardPager.swift (in target 'Revive' from project 'Revive')
    cd /Users/adithya/Documents/Revive.swiftpm/.swiftpm/xcode
    
/Users/adithya/Documents/Revive.swiftpm/Sources/Views/StepCard/StepCardPager.swift:62:18: warning: 'onChange(of:perform:)' was deprecated in iOS 17.0: Use `onChange` with a two or zero parameter action closure instead.
                .onChange(of: currentStepIndex) { newIndex in
                 ^

SwiftCompile normal arm64 /Users/adithya/Documents/Revive.swiftpm/Sources/Views/StepCard/StepCardView.swift (in target 'Revive' from project 'Revive')
    cd /Users/adithya/Documents/Revive.swiftpm/.swiftpm/xcode
    

SwiftDriverJobDiscovery normal arm64 Emitting module for Revive (in target 'Revive' from project 'Revive')

SwiftDriver\ Compilation\ Requirements Revive normal arm64 com.apple.xcode.tools.swift.compiler (in target 'Revive' from project 'Revive')
    cd /Users/adithya/Documents/Revive.swiftpm/.swiftpm/xcode
    builtin-Swift-Compilation-Requirements -- /Applications/Xcode.app/Contents/Developer/Toolchains/XcodeDefault.xctoolchain/usr/bin/swiftc -module-name Revive -Onone -enforce-exclusivity\=checked @/Users/adithya/Library/Developer/Xcode/DerivedData/Revive-ajgchooryvcsjkfdigxopqvnhwxt/Build/Intermediates.noindex/Revive.build/Debug-iphonesimulator/Revive.build/Objects-normal/arm64/Revive.SwiftFileList -DSWIFT_PACKAGE -DDEBUG -DXcode -plugin-path /Applications/Xcode.app/Contents/Developer/Toolchains/XcodeDefault.xctoolchain/usr/lib/swift/host/plugins/testing -enable-experimental-feature DebugDescriptionMacro -sdk /Applications/Xcode.app/Contents/Developer/Platforms/iPhoneSimulator.platform/Developer/SDKs/iPhoneSimulator18.5.sdk -target arm64-apple-ios17.0-simulator -g -module-cache-path /Users/adithya/Library/Developer/Xcode/DerivedData/ModuleCache.noindex -Xfrontend -serialize-debugging-options -enable-testing -index-store-path /Users/adithya/Library/Developer/Xcode/DerivedData/Revive-ajgchooryvcsjkfdigxopqvnhwxt/Index.noindex/DataStore -swift-version 5 -I /Users/adithya/Library/Developer/Xcode/DerivedData/Revive-ajgchooryvcsjkfdigxopqvnhwxt/Build/Products/Debug-iphonesimulator -I /Applications/Xcode.app/Contents/Developer/Platforms/iPhoneSimulator.platform/Developer/usr/lib -F /Users/adithya/Library/Developer/Xcode/DerivedData/Revive-ajgchooryvcsjkfdigxopqvnhwxt/Build/Products/Debug-iphonesimulator -F /Applications/Xcode.app/Contents/Developer/Platforms/iPhoneSimulator.platform/Developer/Library/Frameworks -F /Applications/Xcode.app/Contents/Developer/Platforms/iPhoneSimulator.platform/Developer/SDKs/iPhoneSimulator18.5.sdk/Developer/Library/Frameworks -c -j8 -enable-batch-mode -incremental -Xcc -ivfsstatcache -Xcc /Users/adithya/Library/Developer/Xcode/DerivedData/SDKStatCaches.noindex/iphonesimulator18.5-22F76-d5fc8ad4295d2ef488fb7d0f804ce0c4.sdkstatcache -output-file-map /Users/adithya/Library/Developer/Xcode/DerivedData/Revive-ajgchooryvcsjkfdigxopqvnhwxt/Build/Intermediates.noindex/Revive.build/Debug-iphonesimulator/Revive.build/Objects-normal/arm64/Revive-OutputFileMap.json -use-frontend-parseable-output -save-temps -no-color-diagnostics -serialize-diagnostics -emit-dependencies -emit-module -emit-module-path /Users/adithya/Library/Developer/Xcode/DerivedData/Revive-ajgchooryvcsjkfdigxopqvnhwxt/Build/Intermediates.noindex/Revive.build/Debug-iphonesimulator/Revive.build/Objects-normal/arm64/Revive.swiftmodule -validate-clang-modules-once -clang-build-session-file /Users/adithya/Library/Developer/Xcode/DerivedData/ModuleCache.noindex/Session.modulevalidation -emit-const-values -Xfrontend -const-gather-protocols-file -Xfrontend /Users/adithya/Library/Developer/Xcode/DerivedData/Revive-ajgchooryvcsjkfdigxopqvnhwxt/Build/Intermediates.noindex/Revive.build/Debug-iphonesimulator/Revive.build/Objects-normal/arm64/Revive_const_extract_protocols.json -Xcc -I/Users/adithya/Library/Developer/Xcode/DerivedData/Revive-ajgchooryvcsjkfdigxopqvnhwxt/Build/Products/Debug-iphonesimulator/include -Xcc -I/Users/adithya/Library/Developer/Xcode/DerivedData/Revive-ajgchooryvcsjkfdigxopqvnhwxt/Build/Intermediates.noindex/Revive.build/Debug-iphonesimulator/Revive.build/DerivedSources-normal/arm64 -Xcc -I/Users/adithya/Library/Developer/Xcode/DerivedData/Revive-ajgchooryvcsjkfdigxopqvnhwxt/Build/Intermediates.noindex/Revive.build/Debug-iphonesimulator/Revive.build/DerivedSources/arm64 -Xcc -I/Users/adithya/Library/Developer/Xcode/DerivedData/Revive-ajgchooryvcsjkfdigxopqvnhwxt/Build/Intermediates.noindex/Revive.build/Debug-iphonesimulator/Revive.build/DerivedSources -Xcc -DSWIFT_PACKAGE -Xcc -DDEBUG\=1 -working-directory /Users/adithya/Documents/Revive.swiftpm/.swiftpm/xcode -experimental-emit-module-separately -disable-cmo

SwiftDriverJobDiscovery normal arm64 Compiling App.swift, Animations.swift, ButtonStyles.swift, Colors.swift, GlassCard.swift (in target 'Revive' from project 'Revive')

SwiftCompile normal arm64 Compiling\ TechniqueRow.swift,\ EmergencyMenuView.swift,\ BodyOutlineView.swift,\ InjuryTypeView.swift /Users/adithya/Documents/Revive.swiftpm/Sources/Views/Components/TechniqueRow.swift /Users/adithya/Documents/Revive.swiftpm/Sources/Views/Emergency/EmergencyMenuView.swift /Users/adithya/Documents/Revive.swiftpm/Sources/Views/Emergency/Hurt/BodyOutlineView.swift /Users/adithya/Documents/Revive.swiftpm/Sources/Views/Emergency/Hurt/InjuryTypeView.swift (in target 'Revive' from project 'Revive')

SwiftCompile normal arm64 /Users/adithya/Documents/Revive.swiftpm/Sources/Views/Components/TechniqueRow.swift (in target 'Revive' from project 'Revive')
    cd /Users/adithya/Documents/Revive.swiftpm/.swiftpm/xcode
    

SwiftCompile normal arm64 /Users/adithya/Documents/Revive.swiftpm/Sources/Views/Emergency/EmergencyMenuView.swift (in target 'Revive' from project 'Revive')
    cd /Users/adithya/Documents/Revive.swiftpm/.swiftpm/xcode
    

SwiftCompile normal arm64 /Users/adithya/Documents/Revive.swiftpm/Sources/Views/Emergency/Hurt/BodyOutlineView.swift (in target 'Revive' from project 'Revive')
    cd /Users/adithya/Documents/Revive.swiftpm/.swiftpm/xcode
    

SwiftCompile normal arm64 /Users/adithya/Documents/Revive.swiftpm/Sources/Views/Emergency/Hurt/InjuryTypeView.swift (in target 'Revive' from project 'Revive')
    cd /Users/adithya/Documents/Revive.swiftpm/.swiftpm/xcode
    

SwiftDriverJobDiscovery normal arm64 Compiling EmergencyFlow.swift, SurvivalDomain.swift, Technique.swift, HapticsService.swift (in target 'Revive' from project 'Revive')

Copy /Users/adithya/Library/Developer/Xcode/DerivedData/Revive-ajgchooryvcsjkfdigxopqvnhwxt/Build/Products/Debug-iphonesimulator/Revive.swiftmodule/arm64-apple-ios-simulator.swiftmodule /Users/adithya/Library/Developer/Xcode/DerivedData/Revive-ajgchooryvcsjkfdigxopqvnhwxt/Build/Intermediates.noindex/Revive.build/Debug-iphonesimulator/Revive.build/Objects-normal/arm64/Revive.swiftmodule (in target 'Revive' from project 'Revive')
    cd /Users/adithya/Documents/Revive.swiftpm
    builtin-copy -exclude .DS_Store -exclude CVS -exclude .svn -exclude .git -exclude .hg -resolve-src-symlinks -rename /Users/adithya/Library/Developer/Xcode/DerivedData/Revive-ajgchooryvcsjkfdigxopqvnhwxt/Build/Intermediates.noindex/Revive.build/Debug-iphonesimulator/Revive.build/Objects-normal/arm64/Revive.swiftmodule /Users/adithya/Library/Developer/Xcode/DerivedData/Revive-ajgchooryvcsjkfdigxopqvnhwxt/Build/Products/Debug-iphonesimulator/Revive.swiftmodule/arm64-apple-ios-simulator.swiftmodule

Copy /Users/adithya/Library/Developer/Xcode/DerivedData/Revive-ajgchooryvcsjkfdigxopqvnhwxt/Build/Products/Debug-iphonesimulator/Revive.swiftmodule/arm64-apple-ios-simulator.swiftdoc /Users/adithya/Library/Developer/Xcode/DerivedData/Revive-ajgchooryvcsjkfdigxopqvnhwxt/Build/Intermediates.noindex/Revive.build/Debug-iphonesimulator/Revive.build/Objects-normal/arm64/Revive.swiftdoc (in target 'Revive' from project 'Revive')
    cd /Users/adithya/Documents/Revive.swiftpm
    builtin-copy -exclude .DS_Store -exclude CVS -exclude .svn -exclude .git -exclude .hg -resolve-src-symlinks -rename /Users/adithya/Library/Developer/Xcode/DerivedData/Revive-ajgchooryvcsjkfdigxopqvnhwxt/Build/Intermediates.noindex/Revive.build/Debug-iphonesimulator/Revive.build/Objects-normal/arm64/Revive.swiftdoc /Users/adithya/Library/Developer/Xcode/DerivedData/Revive-ajgchooryvcsjkfdigxopqvnhwxt/Build/Products/Debug-iphonesimulator/Revive.swiftmodule/arm64-apple-ios-simulator.swiftdoc

Copy /Users/adithya/Library/Developer/Xcode/DerivedData/Revive-ajgchooryvcsjkfdigxopqvnhwxt/Build/Products/Debug-iphonesimulator/Revive.swiftmodule/arm64-apple-ios-simulator.abi.json /Users/adithya/Library/Developer/Xcode/DerivedData/Revive-ajgchooryvcsjkfdigxopqvnhwxt/Build/Intermediates.noindex/Revive.build/Debug-iphonesimulator/Revive.build/Objects-normal/arm64/Revive.abi.json (in target 'Revive' from project 'Revive')
    cd /Users/adithya/Documents/Revive.swiftpm
    builtin-copy -exclude .DS_Store -exclude CVS -exclude .svn -exclude .git -exclude .hg -resolve-src-symlinks -rename /Users/adithya/Library/Developer/Xcode/DerivedData/Revive-ajgchooryvcsjkfdigxopqvnhwxt/Build/Intermediates.noindex/Revive.build/Debug-iphonesimulator/Revive.build/Objects-normal/arm64/Revive.abi.json /Users/adithya/Library/Developer/Xcode/DerivedData/Revive-ajgchooryvcsjkfdigxopqvnhwxt/Build/Products/Debug-iphonesimulator/Revive.swiftmodule/arm64-apple-ios-simulator.abi.json

Copy /Users/adithya/Library/Developer/Xcode/DerivedData/Revive-ajgchooryvcsjkfdigxopqvnhwxt/Build/Products/Debug-iphonesimulator/Revive.swiftmodule/Project/arm64-apple-ios-simulator.swiftsourceinfo /Users/adithya/Library/Developer/Xcode/DerivedData/Revive-ajgchooryvcsjkfdigxopqvnhwxt/Build/Intermediates.noindex/Revive.build/Debug-iphonesimulator/Revive.build/Objects-normal/arm64/Revive.swiftsourceinfo (in target 'Revive' from project 'Revive')
    cd /Users/adithya/Documents/Revive.swiftpm
    builtin-copy -exclude .DS_Store -exclude CVS -exclude .svn -exclude .git -exclude .hg -resolve-src-symlinks -rename /Users/adithya/Library/Developer/Xcode/DerivedData/Revive-ajgchooryvcsjkfdigxopqvnhwxt/Build/Intermediates.noindex/Revive.build/Debug-iphonesimulator/Revive.build/Objects-normal/arm64/Revive.swiftsourceinfo /Users/adithya/Library/Developer/Xcode/DerivedData/Revive-ajgchooryvcsjkfdigxopqvnhwxt/Build/Products/Debug-iphonesimulator/Revive.swiftmodule/Project/arm64-apple-ios-simulator.swiftsourceinfo

SwiftDriverJobDiscovery normal arm64 Compiling MotionService.swift, SpeechRecognitionService.swift, SpeechSynthesisService.swift, TechniqueIconMapper.swift (in target 'Revive' from project 'Revive')

SwiftDriverJobDiscovery normal arm64 Compiling ArticleRow.swift, RelatedTechniquesCard.swift, SearchBar.swift, SearchResultView.swift (in target 'Revive' from project 'Revive')

SwiftDriverJobDiscovery normal arm64 Compiling Layout.swift, Typography.swift, Color+Hex.swift, Article.swift, ContentDatabase.swift (in target 'Revive' from project 'Revive')

SwiftDriverJobDiscovery normal arm64 Compiling InventoryQuestionView.swift, ArticleView.swift, DomainDetailView.swift, GuideMainView.swift (in target 'Revive' from project 'Revive')

SwiftDriverJobDiscovery normal arm64 Compiling TechniqueRow.swift, EmergencyMenuView.swift, BodyOutlineView.swift, InjuryTypeView.swift (in target 'Revive' from project 'Revive')

SwiftDriverJobDiscovery normal arm64 Compiling HomeView.swift, ProgressDots.swift, StepCardPager.swift, StepCardView.swift (in target 'Revive' from project 'Revive')

SwiftDriver\ Compilation Revive normal arm64 com.apple.xcode.tools.swift.compiler (in target 'Revive' from project 'Revive')
    cd /Users/adithya/Documents/Revive.swiftpm/.swiftpm/xcode
    builtin-Swift-Compilation -- /Applications/Xcode.app/Contents/Developer/Toolchains/XcodeDefault.xctoolchain/usr/bin/swiftc -module-name Revive -Onone -enforce-exclusivity\=checked @/Users/adithya/Library/Developer/Xcode/DerivedData/Revive-ajgchooryvcsjkfdigxopqvnhwxt/Build/Intermediates.noindex/Revive.build/Debug-iphonesimulator/Revive.build/Objects-normal/arm64/Revive.SwiftFileList -DSWIFT_PACKAGE -DDEBUG -DXcode -plugin-path /Applications/Xcode.app/Contents/Developer/Toolchains/XcodeDefault.xctoolchain/usr/lib/swift/host/plugins/testing -enable-experimental-feature DebugDescriptionMacro -sdk /Applications/Xcode.app/Contents/Developer/Platforms/iPhoneSimulator.platform/Developer/SDKs/iPhoneSimulator18.5.sdk -target arm64-apple-ios17.0-simulator -g -module-cache-path /Users/adithya/Library/Developer/Xcode/DerivedData/ModuleCache.noindex -Xfrontend -serialize-debugging-options -enable-testing -index-store-path /Users/adithya/Library/Developer/Xcode/DerivedData/Revive-ajgchooryvcsjkfdigxopqvnhwxt/Index.noindex/DataStore -swift-version 5 -I /Users/adithya/Library/Developer/Xcode/DerivedData/Revive-ajgchooryvcsjkfdigxopqvnhwxt/Build/Products/Debug-iphonesimulator -I /Applications/Xcode.app/Contents/Developer/Platforms/iPhoneSimulator.platform/Developer/usr/lib -F /Users/adithya/Library/Developer/Xcode/DerivedData/Revive-ajgchooryvcsjkfdigxopqvnhwxt/Build/Products/Debug-iphonesimulator -F /Applications/Xcode.app/Contents/Developer/Platforms/iPhoneSimulator.platform/Developer/Library/Frameworks -F /Applications/Xcode.app/Contents/Developer/Platforms/iPhoneSimulator.platform/Developer/SDKs/iPhoneSimulator18.5.sdk/Developer/Library/Frameworks -c -j8 -enable-batch-mode -incremental -Xcc -ivfsstatcache -Xcc /Users/adithya/Library/Developer/Xcode/DerivedData/SDKStatCaches.noindex/iphonesimulator18.5-22F76-d5fc8ad4295d2ef488fb7d0f804ce0c4.sdkstatcache -output-file-map /Users/adithya/Library/Developer/Xcode/DerivedData/Revive-ajgchooryvcsjkfdigxopqvnhwxt/Build/Intermediates.noindex/Revive.build/Debug-iphonesimulator/Revive.build/Objects-normal/arm64/Revive-OutputFileMap.json -use-frontend-parseable-output -save-temps -no-color-diagnostics -serialize-diagnostics -emit-dependencies -emit-module -emit-module-path /Users/adithya/Library/Developer/Xcode/DerivedData/Revive-ajgchooryvcsjkfdigxopqvnhwxt/Build/Intermediates.noindex/Revive.build/Debug-iphonesimulator/Revive.build/Objects-normal/arm64/Revive.swiftmodule -validate-clang-modules-once -clang-build-session-file /Users/adithya/Library/Developer/Xcode/DerivedData/ModuleCache.noindex/Session.modulevalidation -emit-const-values -Xfrontend -const-gather-protocols-file -Xfrontend /Users/adithya/Library/Developer/Xcode/DerivedData/Revive-ajgchooryvcsjkfdigxopqvnhwxt/Build/Intermediates.noindex/Revive.build/Debug-iphonesimulator/Revive.build/Objects-normal/arm64/Revive_const_extract_protocols.json -Xcc -I/Users/adithya/Library/Developer/Xcode/DerivedData/Revive-ajgchooryvcsjkfdigxopqvnhwxt/Build/Products/Debug-iphonesimulator/include -Xcc -I/Users/adithya/Library/Developer/Xcode/DerivedData/Revive-ajgchooryvcsjkfdigxopqvnhwxt/Build/Intermediates.noindex/Revive.build/Debug-iphonesimulator/Revive.build/DerivedSources-normal/arm64 -Xcc -I/Users/adithya/Library/Developer/Xcode/DerivedData/Revive-ajgchooryvcsjkfdigxopqvnhwxt/Build/Intermediates.noindex/Revive.build/Debug-iphonesimulator/Revive.build/DerivedSources/arm64 -Xcc -I/Users/adithya/Library/Developer/Xcode/DerivedData/Revive-ajgchooryvcsjkfdigxopqvnhwxt/Build/Intermediates.noindex/Revive.build/Debug-iphonesimulator/Revive.build/DerivedSources -Xcc -DSWIFT_PACKAGE -Xcc -DDEBUG\=1 -working-directory /Users/adithya/Documents/Revive.swiftpm/.swiftpm/xcode -experimental-emit-module-separately -disable-cmo

Ld /Users/adithya/Library/Developer/Xcode/DerivedData/Revive-ajgchooryvcsjkfdigxopqvnhwxt/Build/Products/Debug-iphonesimulator/Revive.app/Revive.debug.dylib normal (in target 'Revive' from project 'Revive')
    cd /Users/adithya/Documents/Revive.swiftpm
    /Applications/Xcode.app/Contents/Developer/Toolchains/XcodeDefault.xctoolchain/usr/bin/clang -Xlinker -reproducible -target arm64-apple-ios17.0-simulator -dynamiclib -isysroot /Applications/Xcode.app/Contents/Developer/Platforms/iPhoneSimulator.platform/Developer/SDKs/iPhoneSimulator18.5.sdk -O0 -L/Users/adithya/Library/Developer/Xcode/DerivedData/Revive-ajgchooryvcsjkfdigxopqvnhwxt/Build/Intermediates.noindex/EagerLinkingTBDs/Debug-iphonesimulator -L/Users/adithya/Library/Developer/Xcode/DerivedData/Revive-ajgchooryvcsjkfdigxopqvnhwxt/Build/Products/Debug-iphonesimulator -L/Applications/Xcode.app/Contents/Developer/Platforms/iPhoneSimulator.platform/Developer/usr/lib -F/Users/adithya/Library/Developer/Xcode/DerivedData/Revive-ajgchooryvcsjkfdigxopqvnhwxt/Build/Intermediates.noindex/EagerLinkingTBDs/Debug-iphonesimulator -F/Users/adithya/Library/Developer/Xcode/DerivedData/Revive-ajgchooryvcsjkfdigxopqvnhwxt/Build/Products/Debug-iphonesimulator -iframework /Applications/Xcode.app/Contents/Developer/Platforms/iPhoneSimulator.platform/Developer/Library/Frameworks -iframework /Applications/Xcode.app/Contents/Developer/Platforms/iPhoneSimulator.platform/Developer/SDKs/iPhoneSimulator18.5.sdk/Developer/Library/Frameworks -filelist /Users/adithya/Library/Developer/Xcode/DerivedData/Revive-ajgchooryvcsjkfdigxopqvnhwxt/Build/Intermediates.noindex/Revive.build/Debug-iphonesimulator/Revive.build/Objects-normal/arm64/Revive.LinkFileList -install_name @rpath/Revive.debug.dylib -Xlinker -rpath -Xlinker @executable_path/../lib -dead_strip -Xlinker -object_path_lto -Xlinker /Users/adithya/Library/Developer/Xcode/DerivedData/Revive-ajgchooryvcsjkfdigxopqvnhwxt/Build/Intermediates.noindex/Revive.build/Debug-iphonesimulator/Revive.build/Objects-normal/arm64/Revive_lto.o -rdynamic -Xlinker -no_deduplicate -Xlinker -objc_abi_version -Xlinker 2 -Xlinker -dependency_info -Xlinker /Users/adithya/Library/Developer/Xcode/DerivedData/Revive-ajgchooryvcsjkfdigxopqvnhwxt/Build/Intermediates.noindex/Revive.build/Debug-iphonesimulator/Revive.build/Objects-normal/arm64/Revive_dependency_info.dat -fobjc-link-runtime -L/Applications/Xcode.app/Contents/Developer/Toolchains/XcodeDefault.xctoolchain/usr/lib/swift/iphonesimulator -L/usr/lib/swift -Xlinker -add_ast_path -Xlinker /Users/adithya/Library/Developer/Xcode/DerivedData/Revive-ajgchooryvcsjkfdigxopqvnhwxt/Build/Intermediates.noindex/Revive.build/Debug-iphonesimulator/Revive.build/Objects-normal/arm64/Revive.swiftmodule -Xlinker -alias -Xlinker _main -Xlinker ___debug_main_executable_dylib_entry_point -Xlinker -no_adhoc_codesign -o /Users/adithya/Library/Developer/Xcode/DerivedData/Revive-ajgchooryvcsjkfdigxopqvnhwxt/Build/Products/Debug-iphonesimulator/Revive.app/Revive.debug.dylib

ConstructStubExecutorLinkFileList /Users/adithya/Library/Developer/Xcode/DerivedData/Revive-ajgchooryvcsjkfdigxopqvnhwxt/Build/Intermediates.noindex/Revive.build/Debug-iphonesimulator/Revive.build/Revive-ExecutorLinkFileList-normal-arm64.txt (in target 'Revive' from project 'Revive')
    cd /Users/adithya/Documents/Revive.swiftpm
    construct-stub-executor-link-file-list /Users/adithya/Library/Developer/Xcode/DerivedData/Revive-ajgchooryvcsjkfdigxopqvnhwxt/Build/Products/Debug-iphonesimulator/Revive.app/Revive.debug.dylib /Applications/Xcode.app/Contents/Developer/Platforms/iPhoneSimulator.platform/Developer/usr/lib/libPreviewsJITStubExecutor_no_swift_entry_point.a /Applications/Xcode.app/Contents/Developer/Platforms/iPhoneSimulator.platform/Developer/usr/lib/libPreviewsJITStubExecutor.a --output /Users/adithya/Library/Developer/Xcode/DerivedData/Revive-ajgchooryvcsjkfdigxopqvnhwxt/Build/Intermediates.noindex/Revive.build/Debug-iphonesimulator/Revive.build/Revive-ExecutorLinkFileList-normal-arm64.txt
note: Using stub executor library with Swift entry point. (in target 'Revive' from project 'Revive')

Ld /Users/adithya/Library/Developer/Xcode/DerivedData/Revive-ajgchooryvcsjkfdigxopqvnhwxt/Build/Products/Debug-iphonesimulator/Revive.app/Revive normal (in target 'Revive' from project 'Revive')
    cd /Users/adithya/Documents/Revive.swiftpm
    /Applications/Xcode.app/Contents/Developer/Toolchains/XcodeDefault.xctoolchain/usr/bin/clang -Xlinker -reproducible -target arm64-apple-ios17.0-simulator -isysroot /Applications/Xcode.app/Contents/Developer/Platforms/iPhoneSimulator.platform/Developer/SDKs/iPhoneSimulator18.5.sdk -O0 -L/Users/adithya/Library/Developer/Xcode/DerivedData/Revive-ajgchooryvcsjkfdigxopqvnhwxt/Build/Products/Debug-iphonesimulator -L/Applications/Xcode.app/Contents/Developer/Platforms/iPhoneSimulator.platform/Developer/usr/lib -F/Users/adithya/Library/Developer/Xcode/DerivedData/Revive-ajgchooryvcsjkfdigxopqvnhwxt/Build/Products/Debug-iphonesimulator -iframework /Applications/Xcode.app/Contents/Developer/Platforms/iPhoneSimulator.platform/Developer/Library/Frameworks -iframework /Applications/Xcode.app/Contents/Developer/Platforms/iPhoneSimulator.platform/Developer/SDKs/iPhoneSimulator18.5.sdk/Developer/Library/Frameworks -Xlinker -rpath -Xlinker @executable_path -Xlinker -rpath -Xlinker @executable_path/../lib -rdynamic -Xlinker -no_deduplicate -Xlinker -objc_abi_version -Xlinker 2 -e ___debug_blank_executor_main -Xlinker -sectcreate -Xlinker __TEXT -Xlinker __debug_dylib -Xlinker /Users/adithya/Library/Developer/Xcode/DerivedData/Revive-ajgchooryvcsjkfdigxopqvnhwxt/Build/Intermediates.noindex/Revive.build/Debug-iphonesimulator/Revive.build/Revive-DebugDylibPath-normal-arm64.txt -Xlinker -sectcreate -Xlinker __TEXT -Xlinker __debug_instlnm -Xlinker /Users/adithya/Library/Developer/Xcode/DerivedData/Revive-ajgchooryvcsjkfdigxopqvnhwxt/Build/Intermediates.noindex/Revive.build/Debug-iphonesimulator/Revive.build/Revive-DebugDylibInstallName-normal-arm64.txt -Xlinker -filelist -Xlinker /Users/adithya/Library/Developer/Xcode/DerivedData/Revive-ajgchooryvcsjkfdigxopqvnhwxt/Build/Intermediates.noindex/Revive.build/Debug-iphonesimulator/Revive.build/Revive-ExecutorLinkFileList-normal-arm64.txt -Xlinker -sectcreate -Xlinker __TEXT -Xlinker __entitlements -Xlinker /Users/adithya/Library/Developer/Xcode/DerivedData/Revive-ajgchooryvcsjkfdigxopqvnhwxt/Build/Intermediates.noindex/Revive.build/Debug-iphonesimulator/Revive.build/Revive.app-Simulated.xcent -Xlinker -sectcreate -Xlinker __TEXT -Xlinker __ents_der -Xlinker /Users/adithya/Library/Developer/Xcode/DerivedData/Revive-ajgchooryvcsjkfdigxopqvnhwxt/Build/Intermediates.noindex/Revive.build/Debug-iphonesimulator/Revive.build/Revive.app-Simulated.xcent.der /Users/adithya/Library/Developer/Xcode/DerivedData/Revive-ajgchooryvcsjkfdigxopqvnhwxt/Build/Products/Debug-iphonesimulator/Revive.app/Revive.debug.dylib -Xlinker -no_adhoc_codesign -o /Users/adithya/Library/Developer/Xcode/DerivedData/Revive-ajgchooryvcsjkfdigxopqvnhwxt/Build/Products/Debug-iphonesimulator/Revive.app/Revive

LinkAssetCatalog /Users/adithya/Library/Developer/Xcode/DerivedData/Revive-ajgchooryvcsjkfdigxopqvnhwxt/Build/Intermediates.noindex/Revive.build/Debug-iphonesimulator/Revive.build/DerivedSources/AppPlaygroundDefaultAssetCatalog.xcassets (in target 'Revive' from project 'Revive')
    cd /Users/adithya/Documents/Revive.swiftpm
    builtin-linkAssetCatalog --thinned /Users/adithya/Library/Developer/Xcode/DerivedData/Revive-ajgchooryvcsjkfdigxopqvnhwxt/Build/Intermediates.noindex/Revive.build/Debug-iphonesimulator/Revive.build/assetcatalog_output/thinned --thinned-dependencies /Users/adithya/Library/Developer/Xcode/DerivedData/Revive-ajgchooryvcsjkfdigxopqvnhwxt/Build/Intermediates.noindex/Revive.build/Debug-iphonesimulator/Revive.build/assetcatalog_dependencies_thinned --thinned-info-plist-content /Users/adithya/Library/Developer/Xcode/DerivedData/Revive-ajgchooryvcsjkfdigxopqvnhwxt/Build/Intermediates.noindex/Revive.build/Debug-iphonesimulator/Revive.build/assetcatalog_generated_info.plist_thinned --unthinned /Users/adithya/Library/Developer/Xcode/DerivedData/Revive-ajgchooryvcsjkfdigxopqvnhwxt/Build/Intermediates.noindex/Revive.build/Debug-iphonesimulator/Revive.build/assetcatalog_output/unthinned --unthinned-dependencies /Users/adithya/Library/Developer/Xcode/DerivedData/Revive-ajgchooryvcsjkfdigxopqvnhwxt/Build/Intermediates.noindex/Revive.build/Debug-iphonesimulator/Revive.build/assetcatalog_dependencies_unthinned --unthinned-info-plist-content /Users/adithya/Library/Developer/Xcode/DerivedData/Revive-ajgchooryvcsjkfdigxopqvnhwxt/Build/Intermediates.noindex/Revive.build/Debug-iphonesimulator/Revive.build/assetcatalog_generated_info.plist_unthinned --output /Users/adithya/Library/Developer/Xcode/DerivedData/Revive-ajgchooryvcsjkfdigxopqvnhwxt/Build/Products/Debug-iphonesimulator/Revive.app --plist-output /Users/adithya/Library/Developer/Xcode/DerivedData/Revive-ajgchooryvcsjkfdigxopqvnhwxt/Build/Intermediates.noindex/Revive.build/Debug-iphonesimulator/Revive.build/assetcatalog_generated_info.plist
note: Emplaced /Users/adithya/Library/Developer/Xcode/DerivedData/Revive-ajgchooryvcsjkfdigxopqvnhwxt/Build/Products/Debug-iphonesimulator/Revive.app/__PlaceholderAppIcon60x60@2x.png (in target 'Revive' from project 'Revive')
note: Emplaced /Users/adithya/Library/Developer/Xcode/DerivedData/Revive-ajgchooryvcsjkfdigxopqvnhwxt/Build/Products/Debug-iphonesimulator/Revive.app/Assets.car (in target 'Revive' from project 'Revive')
note: Emplaced /Users/adithya/Library/Developer/Xcode/DerivedData/Revive-ajgchooryvcsjkfdigxopqvnhwxt/Build/Products/Debug-iphonesimulator/Revive.app/__PlaceholderAppIcon76x76@2x~ipad.png (in target 'Revive' from project 'Revive')

ProcessInfoPlistFile /Users/adithya/Library/Developer/Xcode/DerivedData/Revive-ajgchooryvcsjkfdigxopqvnhwxt/Build/Products/Debug-iphonesimulator/Revive.app/Info.plist /Users/adithya/Library/Developer/Xcode/DerivedData/Revive-ajgchooryvcsjkfdigxopqvnhwxt/Build/Intermediates.noindex/Revive.build/Debug-iphonesimulator/Revive.build/empty-Revive.plist (in target 'Revive' from project 'Revive')
    cd /Users/adithya/Documents/Revive.swiftpm
    builtin-infoPlistUtility /Users/adithya/Library/Developer/Xcode/DerivedData/Revive-ajgchooryvcsjkfdigxopqvnhwxt/Build/Intermediates.noindex/Revive.build/Debug-iphonesimulator/Revive.build/empty-Revive.plist -producttype com.apple.product-type.application -genpkginfo /Users/adithya/Library/Developer/Xcode/DerivedData/Revive-ajgchooryvcsjkfdigxopqvnhwxt/Build/Products/Debug-iphonesimulator/Revive.app/PkgInfo -expandbuildsettings -format binary -platform iphonesimulator -additionalcontentfile /Users/adithya/Library/Developer/Xcode/DerivedData/Revive-ajgchooryvcsjkfdigxopqvnhwxt/Build/Intermediates.noindex/Revive.build/Debug-iphonesimulator/Revive.build/assetcatalog_generated_info.plist -o /Users/adithya/Library/Developer/Xcode/DerivedData/Revive-ajgchooryvcsjkfdigxopqvnhwxt/Build/Products/Debug-iphonesimulator/Revive.app/Info.plist

CopySwiftLibs /Users/adithya/Library/Developer/Xcode/DerivedData/Revive-ajgchooryvcsjkfdigxopqvnhwxt/Build/Products/Debug-iphonesimulator/Revive.app (in target 'Revive' from project 'Revive')
    cd /Users/adithya/Documents/Revive.swiftpm
    builtin-swiftStdLibTool --copy --verbose --sign - --scan-executable /Users/adithya/Library/Developer/Xcode/DerivedData/Revive-ajgchooryvcsjkfdigxopqvnhwxt/Build/Products/Debug-iphonesimulator/Revive.app/Revive.debug.dylib --scan-folder /Users/adithya/Library/Developer/Xcode/DerivedData/Revive-ajgchooryvcsjkfdigxopqvnhwxt/Build/Products/Debug-iphonesimulator/Revive.app/Frameworks --scan-folder /Users/adithya/Library/Developer/Xcode/DerivedData/Revive-ajgchooryvcsjkfdigxopqvnhwxt/Build/Products/Debug-iphonesimulator/Revive.app/PlugIns --scan-folder /Users/adithya/Library/Developer/Xcode/DerivedData/Revive-ajgchooryvcsjkfdigxopqvnhwxt/Build/Products/Debug-iphonesimulator/Revive.app/SystemExtensions --scan-folder /Users/adithya/Library/Developer/Xcode/DerivedData/Revive-ajgchooryvcsjkfdigxopqvnhwxt/Build/Products/Debug-iphonesimulator/Revive.app/Extensions --platform iphonesimulator --toolchain /Applications/Xcode.app/Contents/Developer/Toolchains/XcodeDefault.xctoolchain --destination /Users/adithya/Library/Developer/Xcode/DerivedData/Revive-ajgchooryvcsjkfdigxopqvnhwxt/Build/Products/Debug-iphonesimulator/Revive.app/Frameworks --strip-bitcode --strip-bitcode-tool /Applications/Xcode.app/Contents/Developer/Toolchains/XcodeDefault.xctoolchain/usr/bin/bitcode_strip --emit-dependency-info /Users/adithya/Library/Developer/Xcode/DerivedData/Revive-ajgchooryvcsjkfdigxopqvnhwxt/Build/Intermediates.noindex/Revive.build/Debug-iphonesimulator/Revive.build/SwiftStdLibToolInputDependencies.dep --filter-for-swift-os

ExtractAppIntentsMetadata (in target 'Revive' from project 'Revive')
    cd /Users/adithya/Documents/Revive.swiftpm
    /Applications/Xcode.app/Contents/Developer/Toolchains/XcodeDefault.xctoolchain/usr/bin/appintentsmetadataprocessor --toolchain-dir /Applications/Xcode.app/Contents/Developer/Toolchains/XcodeDefault.xctoolchain --module-name Revive --sdk-root /Applications/Xcode.app/Contents/Developer/Platforms/iPhoneSimulator.platform/Developer/SDKs/iPhoneSimulator18.5.sdk --xcode-version 16F6 --platform-family iOS --deployment-target 17.0 --bundle-identifier com.revive.survival --output /Users/adithya/Library/Developer/Xcode/DerivedData/Revive-ajgchooryvcsjkfdigxopqvnhwxt/Build/Products/Debug-iphonesimulator/Revive.app --target-triple arm64-apple-ios17.0-simulator --binary-file /Users/adithya/Library/Developer/Xcode/DerivedData/Revive-ajgchooryvcsjkfdigxopqvnhwxt/Build/Products/Debug-iphonesimulator/Revive.app/Revive --dependency-file /Users/adithya/Library/Developer/Xcode/DerivedData/Revive-ajgchooryvcsjkfdigxopqvnhwxt/Build/Intermediates.noindex/Revive.build/Debug-iphonesimulator/Revive.build/Objects-normal/arm64/Revive_dependency_info.dat --stringsdata-file /Users/adithya/Library/Developer/Xcode/DerivedData/Revive-ajgchooryvcsjkfdigxopqvnhwxt/Build/Intermediates.noindex/Revive.build/Debug-iphonesimulator/Revive.build/Objects-normal/arm64/ExtractedAppShortcutsMetadata.stringsdata --source-file-list /Users/adithya/Library/Developer/Xcode/DerivedData/Revive-ajgchooryvcsjkfdigxopqvnhwxt/Build/Intermediates.noindex/Revive.build/Debug-iphonesimulator/Revive.build/Objects-normal/arm64/Revive.SwiftFileList --metadata-file-list /Users/adithya/Library/Developer/Xcode/DerivedData/Revive-ajgchooryvcsjkfdigxopqvnhwxt/Build/Intermediates.noindex/Revive.build/Debug-iphonesimulator/Revive.build/Revive.DependencyMetadataFileList --static-metadata-file-list /Users/adithya/Library/Developer/Xcode/DerivedData/Revive-ajgchooryvcsjkfdigxopqvnhwxt/Build/Intermediates.noindex/Revive.build/Debug-iphonesimulator/Revive.build/Revive.DependencyStaticMetadataFileList --swift-const-vals-list /Users/adithya/Library/Developer/Xcode/DerivedData/Revive-ajgchooryvcsjkfdigxopqvnhwxt/Build/Intermediates.noindex/Revive.build/Debug-iphonesimulator/Revive.build/Objects-normal/arm64/Revive.SwiftConstValuesFileList --compile-time-extraction --deployment-aware-processing --validate-assistant-intents --no-app-shortcuts-localization
2026-02-10 22:54:04.172 appintentsmetadataprocessor[62982:14987324] Starting appintentsmetadataprocessor export
2026-02-10 22:54:04.177 appintentsmetadataprocessor[62982:14987324] warning: Metadata extraction skipped. No AppIntents.framework dependency found.

AppIntentsSSUTraining (in target 'Revive' from project 'Revive')
    cd /Users/adithya/Documents/Revive.swiftpm
    /Applications/Xcode.app/Contents/Developer/Toolchains/XcodeDefault.xctoolchain/usr/bin/appintentsnltrainingprocessor --infoplist-path /Users/adithya/Library/Developer/Xcode/DerivedData/Revive-ajgchooryvcsjkfdigxopqvnhwxt/Build/Products/Debug-iphonesimulator/Revive.app/Info.plist --temp-dir-path /Users/adithya/Library/Developer/Xcode/DerivedData/Revive-ajgchooryvcsjkfdigxopqvnhwxt/Build/Intermediates.noindex/Revive.build/Debug-iphonesimulator/Revive.build/ssu --bundle-id com.revive.survival --product-path /Users/adithya/Library/Developer/Xcode/DerivedData/Revive-ajgchooryvcsjkfdigxopqvnhwxt/Build/Products/Debug-iphonesimulator/Revive.app --extracted-metadata-path /Users/adithya/Library/Developer/Xcode/DerivedData/Revive-ajgchooryvcsjkfdigxopqvnhwxt/Build/Products/Debug-iphonesimulator/Revive.app/Metadata.appintents --metadata-file-list /Users/adithya/Library/Developer/Xcode/DerivedData/Revive-ajgchooryvcsjkfdigxopqvnhwxt/Build/Intermediates.noindex/Revive.build/Debug-iphonesimulator/Revive.build/Revive.DependencyMetadataFileList --archive-ssu-assets
2026-02-10 22:54:04.201 appintentsnltrainingprocessor[62983:14987330] Parsing options for appintentsnltrainingprocessor
2026-02-10 22:54:04.202 appintentsnltrainingprocessor[62983:14987330] No AppShortcuts found - Skipping.

CodeSign /Users/adithya/Library/Developer/Xcode/DerivedData/Revive-ajgchooryvcsjkfdigxopqvnhwxt/Build/Products/Debug-iphonesimulator/Revive.app/Revive.debug.dylib (in target 'Revive' from project 'Revive')
    cd /Users/adithya/Documents/Revive.swiftpm
    
    Signing Identity:     "Sign to Run Locally"
    
    /usr/bin/codesign --force --sign - --timestamp\=none --generate-entitlement-der /Users/adithya/Library/Developer/Xcode/DerivedData/Revive-ajgchooryvcsjkfdigxopqvnhwxt/Build/Products/Debug-iphonesimulator/Revive.app/Revive.debug.dylib

CodeSign /Users/adithya/Library/Developer/Xcode/DerivedData/Revive-ajgchooryvcsjkfdigxopqvnhwxt/Build/Products/Debug-iphonesimulator/Revive.app/__preview.dylib (in target 'Revive' from project 'Revive')
    cd /Users/adithya/Documents/Revive.swiftpm
    
    Signing Identity:     "Sign to Run Locally"
    
    /usr/bin/codesign --force --sign - --timestamp\=none --generate-entitlement-der /Users/adithya/Library/Developer/Xcode/DerivedData/Revive-ajgchooryvcsjkfdigxopqvnhwxt/Build/Products/Debug-iphonesimulator/Revive.app/__preview.dylib

CodeSign /Users/adithya/Library/Developer/Xcode/DerivedData/Revive-ajgchooryvcsjkfdigxopqvnhwxt/Build/Products/Debug-iphonesimulator/Revive.app (in target 'Revive' from project 'Revive')
    cd /Users/adithya/Documents/Revive.swiftpm
    
    Signing Identity:     "Sign to Run Locally"
    
    /usr/bin/codesign --force --sign - --timestamp\=none --generate-entitlement-der /Users/adithya/Library/Developer/Xcode/DerivedData/Revive-ajgchooryvcsjkfdigxopqvnhwxt/Build/Products/Debug-iphonesimulator/Revive.app

RegisterExecutionPolicyException /Users/adithya/Library/Developer/Xcode/DerivedData/Revive-ajgchooryvcsjkfdigxopqvnhwxt/Build/Products/Debug-iphonesimulator/Revive.app (in target 'Revive' from project 'Revive')
    cd /Users/adithya/Documents/Revive.swiftpm
    builtin-RegisterExecutionPolicyException /Users/adithya/Library/Developer/Xcode/DerivedData/Revive-ajgchooryvcsjkfdigxopqvnhwxt/Build/Products/Debug-iphonesimulator/Revive.app

Validate /Users/adithya/Library/Developer/Xcode/DerivedData/Revive-ajgchooryvcsjkfdigxopqvnhwxt/Build/Products/Debug-iphonesimulator/Revive.app (in target 'Revive' from project 'Revive')
    cd /Users/adithya/Documents/Revive.swiftpm
    builtin-validationUtility /Users/adithya/Library/Developer/Xcode/DerivedData/Revive-ajgchooryvcsjkfdigxopqvnhwxt/Build/Products/Debug-iphonesimulator/Revive.app -infoplist-subpath Info.plist

Touch /Users/adithya/Library/Developer/Xcode/DerivedData/Revive-ajgchooryvcsjkfdigxopqvnhwxt/Build/Products/Debug-iphonesimulator/Revive.app (in target 'Revive' from project 'Revive')
    cd /Users/adithya/Documents/Revive.swiftpm
    /usr/bin/touch -c /Users/adithya/Library/Developer/Xcode/DerivedData/Revive-ajgchooryvcsjkfdigxopqvnhwxt/Build/Products/Debug-iphonesimulator/Revive.app

** BUILD SUCCEEDED **

