Command line invocation:
    /Applications/Xcode.app/Contents/Developer/usr/bin/xcodebuild build -scheme Revive -destination "platform=iOS Simulator,name=iPhone 16 Pro"

Resolve Package Graph


Resolved source packages:
  Revive: /Users/adithya/Documents/Revive.swiftpm

--- xcodebuild: WARNING: Using the first of multiple matching destinations:
{ platform:iOS Simulator, arch:arm64, id:C49E82B1-5AA4-48E0-A419-AD96FF5BE4D3, OS:18.6, name:iPhone 16 Pro }
{ platform:iOS Simulator, arch:x86_64, id:C49E82B1-5AA4-48E0-A419-AD96FF5BE4D3, OS:18.6, name:iPhone 16 Pro }
ComputePackagePrebuildTargetDependencyGraph

Prepare packages

CreateBuildRequest

SendProjectDescription

CreateBuildOperation

ComputeTargetDependencyGraph
note: Building targets in dependency order
note: Target dependency graph (1 target)
    Target 'Revive' in project 'Revive' (no dependencies)

GatherProvisioningInputs

CreateBuildDescription

ExecuteExternalTool /Applications/Xcode.app/Contents/Developer/Toolchains/XcodeDefault.xctoolchain/usr/bin/clang -v -E -dM -isysroot /Applications/Xcode.app/Contents/Developer/Platforms/iPhoneSimulator.platform/Developer/SDKs/iPhoneSimulator18.5.sdk -x c -c /dev/null

ExecuteExternalTool /Applications/Xcode.app/Contents/Developer/usr/bin/actool --print-asset-tag-combinations --output-format xml1 /Users/adithya/Library/Developer/Xcode/DerivedData/Revive-ajgchooryvcsjkfdigxopqvnhwxt/Build/Intermediates.noindex/Revive.build/Debug-iphonesimulator/Revive.build/DerivedSources/AppPlaygroundDefaultAssetCatalog.xcassets

ExecuteExternalTool /Applications/Xcode.app/Contents/Developer/usr/bin/actool --version --output-format xml1

ExecuteExternalTool /Applications/Xcode.app/Contents/Developer/Toolchains/XcodeDefault.xctoolchain/usr/bin/swiftc --version

ExecuteExternalTool /Applications/Xcode.app/Contents/Developer/Toolchains/XcodeDefault.xctoolchain/usr/bin/ld -version_details

Build description signature: 0c036b46dbd9cb389de560e54b2e7540
Build description path: /Users/adithya/Library/Developer/Xcode/DerivedData/Revive-ajgchooryvcsjkfdigxopqvnhwxt/Build/Intermediates.noindex/XCBuildData/0c036b46dbd9cb389de560e54b2e7540.xcbuilddata
ClangStatCache /Applications/Xcode.app/Contents/Developer/Toolchains/XcodeDefault.xctoolchain/usr/bin/clang-stat-cache /Applications/Xcode.app/Contents/Developer/Platforms/iPhoneSimulator.platform/Developer/SDKs/iPhoneSimulator18.5.sdk /Users/adithya/Library/Developer/Xcode/DerivedData/SDKStatCaches.noindex/iphonesimulator18.5-22F76-d5fc8ad4295d2ef488fb7d0f804ce0c4.sdkstatcache
    cd /Users/adithya/Documents/Revive.swiftpm/.swiftpm/xcode
    /Applications/Xcode.app/Contents/Developer/Toolchains/XcodeDefault.xctoolchain/usr/bin/clang-stat-cache /Applications/Xcode.app/Contents/Developer/Platforms/iPhoneSimulator.platform/Developer/SDKs/iPhoneSimulator18.5.sdk -o /Users/adithya/Library/Developer/Xcode/DerivedData/SDKStatCaches.noindex/iphonesimulator18.5-22F76-d5fc8ad4295d2ef488fb7d0f804ce0c4.sdkstatcache

ProcessProductPackaging "" /Users/adithya/Library/Developer/Xcode/DerivedData/Revive-ajgchooryvcsjkfdigxopqvnhwxt/Build/Intermediates.noindex/Revive.build/Debug-iphonesimulator/Revive.build/Revive.app-Simulated.xcent (in target 'Revive' from project 'Revive')
    cd /Users/adithya/Documents/Revive.swiftpm
    
    Entitlements:
    
    {
    "application-identifier" = "YOUR_TEAM_ID.com.revive.survival";
}
    
    builtin-productPackagingUtility -entitlements -format xml -o /Users/adithya/Library/Developer/Xcode/DerivedData/Revive-ajgchooryvcsjkfdigxopqvnhwxt/Build/Intermediates.noindex/Revive.build/Debug-iphonesimulator/Revive.build/Revive.app-Simulated.xcent

ProcessProductPackagingDER /Users/adithya/Library/Developer/Xcode/DerivedData/Revive-ajgchooryvcsjkfdigxopqvnhwxt/Build/Intermediates.noindex/Revive.build/Debug-iphonesimulator/Revive.build/Revive.app-Simulated.xcent /Users/adithya/Library/Developer/Xcode/DerivedData/Revive-ajgchooryvcsjkfdigxopqvnhwxt/Build/Intermediates.noindex/Revive.build/Debug-iphonesimulator/Revive.build/Revive.app-Simulated.xcent.der (in target 'Revive' from project 'Revive')
    cd /Users/adithya/Documents/Revive.swiftpm
    /usr/bin/derq query -f xml -i /Users/adithya/Library/Developer/Xcode/DerivedData/Revive-ajgchooryvcsjkfdigxopqvnhwxt/Build/Intermediates.noindex/Revive.build/Debug-iphonesimulator/Revive.build/Revive.app-Simulated.xcent -o /Users/adithya/Library/Developer/Xcode/DerivedData/Revive-ajgchooryvcsjkfdigxopqvnhwxt/Build/Intermediates.noindex/Revive.build/Debug-iphonesimulator/Revive.build/Revive.app-Simulated.xcent.der --raw

SwiftDriver Revive normal arm64 com.apple.xcode.tools.swift.compiler (in target 'Revive' from project 'Revive')
    cd /Users/adithya/Documents/Revive.swiftpm/.swiftpm/xcode
    builtin-SwiftDriver -- /Applications/Xcode.app/Contents/Developer/Toolchains/XcodeDefault.xctoolchain/usr/bin/swiftc -module-name Revive -Onone -enforce-exclusivity\=checked @/Users/adithya/Library/Developer/Xcode/DerivedData/Revive-ajgchooryvcsjkfdigxopqvnhwxt/Build/Intermediates.noindex/Revive.build/Debug-iphonesimulator/Revive.build/Objects-normal/arm64/Revive.SwiftFileList -DSWIFT_PACKAGE -DDEBUG -DXcode -plugin-path /Applications/Xcode.app/Contents/Developer/Toolchains/XcodeDefault.xctoolchain/usr/lib/swift/host/plugins/testing -enable-experimental-feature DebugDescriptionMacro -sdk /Applications/Xcode.app/Contents/Developer/Platforms/iPhoneSimulator.platform/Developer/SDKs/iPhoneSimulator18.5.sdk -target arm64-apple-ios17.0-simulator -g -module-cache-path /Users/adithya/Library/Developer/Xcode/DerivedData/ModuleCache.noindex -Xfrontend -serialize-debugging-options -enable-testing -index-store-path /Users/adithya/Library/Developer/Xcode/DerivedData/Revive-ajgchooryvcsjkfdigxopqvnhwxt/Index.noindex/DataStore -swift-version 5 -I /Users/adithya/Library/Developer/Xcode/DerivedData/Revive-ajgchooryvcsjkfdigxopqvnhwxt/Build/Products/Debug-iphonesimulator -I /Applications/Xcode.app/Contents/Developer/Platforms/iPhoneSimulator.platform/Developer/usr/lib -F /Users/adithya/Library/Developer/Xcode/DerivedData/Revive-ajgchooryvcsjkfdigxopqvnhwxt/Build/Products/Debug-iphonesimulator -F /Applications/Xcode.app/Contents/Developer/Platforms/iPhoneSimulator.platform/Developer/Library/Frameworks -F /Applications/Xcode.app/Contents/Developer/Platforms/iPhoneSimulator.platform/Developer/SDKs/iPhoneSimulator18.5.sdk/Developer/Library/Frameworks -c -j8 -enable-batch-mode -incremental -Xcc -ivfsstatcache -Xcc /Users/adithya/Library/Developer/Xcode/DerivedData/SDKStatCaches.noindex/iphonesimulator18.5-22F76-d5fc8ad4295d2ef488fb7d0f804ce0c4.sdkstatcache -output-file-map /Users/adithya/Library/Developer/Xcode/DerivedData/Revive-ajgchooryvcsjkfdigxopqvnhwxt/Build/Intermediates.noindex/Revive.build/Debug-iphonesimulator/Revive.build/Objects-normal/arm64/Revive-OutputFileMap.json -use-frontend-parseable-output -save-temps -no-color-diagnostics -serialize-diagnostics -emit-dependencies -emit-module -emit-module-path /Users/adithya/Library/Developer/Xcode/DerivedData/Revive-ajgchooryvcsjkfdigxopqvnhwxt/Build/Intermediates.noindex/Revive.build/Debug-iphonesimulator/Revive.build/Objects-normal/arm64/Revive.swiftmodule -validate-clang-modules-once -clang-build-session-file /Users/adithya/Library/Developer/Xcode/DerivedData/ModuleCache.noindex/Session.modulevalidation -emit-const-values -Xfrontend -const-gather-protocols-file -Xfrontend /Users/adithya/Library/Developer/Xcode/DerivedData/Revive-ajgchooryvcsjkfdigxopqvnhwxt/Build/Intermediates.noindex/Revive.build/Debug-iphonesimulator/Revive.build/Objects-normal/arm64/Revive_const_extract_protocols.json -Xcc -I/Users/adithya/Library/Developer/Xcode/DerivedData/Revive-ajgchooryvcsjkfdigxopqvnhwxt/Build/Products/Debug-iphonesimulator/include -Xcc -I/Users/adithya/Library/Developer/Xcode/DerivedData/Revive-ajgchooryvcsjkfdigxopqvnhwxt/Build/Intermediates.noindex/Revive.build/Debug-iphonesimulator/Revive.build/DerivedSources-normal/arm64 -Xcc -I/Users/adithya/Library/Developer/Xcode/DerivedData/Revive-ajgchooryvcsjkfdigxopqvnhwxt/Build/Intermediates.noindex/Revive.build/Debug-iphonesimulator/Revive.build/DerivedSources/arm64 -Xcc -I/Users/adithya/Library/Developer/Xcode/DerivedData/Revive-ajgchooryvcsjkfdigxopqvnhwxt/Build/Intermediates.noindex/Revive.build/Debug-iphonesimulator/Revive.build/DerivedSources -Xcc -DSWIFT_PACKAGE -Xcc -DDEBUG\=1 -working-directory /Users/adithya/Documents/Revive.swiftpm/.swiftpm/xcode -experimental-emit-module-separately -disable-cmo

SwiftCompile normal arm64 Compiling\ EmergencyMenuView.swift,\ BodyOutlineView.swift /Users/adithya/Documents/Revive.swiftpm/Sources/Views/Emergency/EmergencyMenuView.swift /Users/adithya/Documents/Revive.swiftpm/Sources/Views/Emergency/Hurt/BodyOutlineView.swift (in target 'Revive' from project 'Revive')

SwiftCompile normal arm64 /Users/adithya/Documents/Revive.swiftpm/Sources/Views/Emergency/EmergencyMenuView.swift (in target 'Revive' from project 'Revive')
    cd /Users/adithya/Documents/Revive.swiftpm/.swiftpm/xcode
    

SwiftCompile normal arm64 /Users/adithya/Documents/Revive.swiftpm/Sources/Views/Emergency/Hurt/BodyOutlineView.swift (in target 'Revive' from project 'Revive')
    cd /Users/adithya/Documents/Revive.swiftpm/.swiftpm/xcode
    

SwiftCompile normal arm64 Compiling\ ArticleView.swift,\ DomainDetailView.swift /Users/adithya/Documents/Revive.swiftpm/Sources/Views/Guide/ArticleView.swift /Users/adithya/Documents/Revive.swiftpm/Sources/Views/Guide/DomainDetailView.swift (in target 'Revive' from project 'Revive')

SwiftCompile normal arm64 /Users/adithya/Documents/Revive.swiftpm/Sources/Views/Guide/ArticleView.swift (in target 'Revive' from project 'Revive')
    cd /Users/adithya/Documents/Revive.swiftpm/.swiftpm/xcode
    

SwiftCompile normal arm64 /Users/adithya/Documents/Revive.swiftpm/Sources/Views/Guide/DomainDetailView.swift (in target 'Revive' from project 'Revive')
    cd /Users/adithya/Documents/Revive.swiftpm/.swiftpm/xcode
    

SwiftCompile normal arm64 Compiling\ StepCardView.swift /Users/adithya/Documents/Revive.swiftpm/Sources/Views/StepCard/StepCardView.swift (in target 'Revive' from project 'Revive')

SwiftCompile normal arm64 /Users/adithya/Documents/Revive.swiftpm/Sources/Views/StepCard/StepCardView.swift (in target 'Revive' from project 'Revive')
    cd /Users/adithya/Documents/Revive.swiftpm/.swiftpm/xcode
    

SwiftEmitModule normal arm64 Emitting\ module\ for\ Revive (in target 'Revive' from project 'Revive')

EmitSwiftModule normal arm64 (in target 'Revive' from project 'Revive')
    cd /Users/adithya/Documents/Revive.swiftpm/.swiftpm/xcode
    
/Users/adithya/Documents/Revive.swiftpm/Sources/Services/SpeechSynthesisService.swift:7:17: warning: stored property 'synthesizer' of 'Sendable'-conforming class 'SpeechSynthesisService' has non-sendable type 'AVSpeechSynthesizer'; this is an error in the Swift 6 language mode
    private let synthesizer = AVSpeechSynthesizer()
                ^
/Applications/Xcode.app/Contents/Developer/Platforms/iPhoneSimulator.platform/Developer/SDKs/iPhoneSimulator18.5.sdk/System/Library/Frameworks/AVFAudio.framework/Headers/AVSpeechSynthesis.h:227:12: note: class 'AVSpeechSynthesizer' does not conform to the 'Sendable' protocol
@interface AVSpeechSynthesizer : NSObject
           ^

SwiftCompile normal arm64 Compiling\ SurvivalDomain.swift,\ HeroBackground.swift /Users/adithya/Documents/Revive.swiftpm/Sources/Models/SurvivalDomain.swift /Users/adithya/Documents/Revive.swiftpm/Sources/Views/Components/HeroBackground.swift (in target 'Revive' from project 'Revive')

SwiftCompile normal arm64 /Users/adithya/Documents/Revive.swiftpm/Sources/Models/SurvivalDomain.swift (in target 'Revive' from project 'Revive')
    cd /Users/adithya/Documents/Revive.swiftpm/.swiftpm/xcode
    

SwiftCompile normal arm64 /Users/adithya/Documents/Revive.swiftpm/Sources/Views/Components/HeroBackground.swift (in target 'Revive' from project 'Revive')
    cd /Users/adithya/Documents/Revive.swiftpm/.swiftpm/xcode
    

SwiftCompile normal arm64 Compiling\ GuideMainView.swift /Users/adithya/Documents/Revive.swiftpm/Sources/Views/Guide/GuideMainView.swift (in target 'Revive' from project 'Revive')
Failed frontend command:
/Applications/Xcode.app/Contents/Developer/Toolchains/XcodeDefault.xctoolchain/usr/bin/swift-frontend -frontend -c /Users/adithya/Documents/Revive.swiftpm/Sources/App.swift /Users/adithya/Documents/Revive.swiftpm/Sources/DesignSystem/Animations.swift /Users/adithya/Documents/Revive.swiftpm/Sources/DesignSystem/Colors.swift /Users/adithya/Documents/Revive.swiftpm/Sources/DesignSystem/GlassCard.swift /Users/adithya/Documents/Revive.swiftpm/Sources/DesignSystem/Layout.swift /Users/adithya/Documents/Revive.swiftpm/Sources/DesignSystem/Typography.swift /Users/adithya/Documents/Revive.swiftpm/Sources/Extensions/Color+Hex.swift /Users/adithya/Documents/Revive.swiftpm/Sources/Models/Article.swift /Users/adithya/Documents/Revive.swiftpm/Sources/Models/ContentDatabase.swift /Users/adithya/Documents/Revive.swiftpm/Sources/Models/EmergencyFlow.swift /Users/adithya/Documents/Revive.swiftpm/Sources/Models/SurvivalDomain.swift /Users/adithya/Documents/Revive.swiftpm/Sources/Models/Technique.swift /Users/adithya/Documents/Revive.swiftpm/Sources/Services/HapticsService.swift /Users/adithya/Documents/Revive.swiftpm/Sources/Services/MotionService.swift /Users/adithya/Documents/Revive.swiftpm/Sources/Services/SpeechRecognitionService.swift /Users/adithya/Documents/Revive.swiftpm/Sources/Services/SpeechSynthesisService.swift /Users/adithya/Documents/Revive.swiftpm/Sources/Views/Components/HeroBackground.swift /Users/adithya/Documents/Revive.swiftpm/Sources/Views/Emergency/EmergencyMenuView.swift /Users/adithya/Documents/Revive.swiftpm/Sources/Views/Emergency/Hurt/BodyOutlineView.swift /Users/adithya/Documents/Revive.swiftpm/Sources/Views/Emergency/Hurt/InjuryTypeView.swift /Users/adithya/Documents/Revive.swiftpm/Sources/Views/Emergency/InventoryQuestionView.swift /Users/adithya/Documents/Revive.swiftpm/Sources/Views/Guide/ArticleView.swift /Users/adithya/Documents/Revive.swiftpm/Sources/Views/Guide/DomainDetailView.swift -primary-file /Users/adithya/Documents/Revive.swiftpm/Sources/Views/Guide/GuideMainView.swift /Users/adithya/Documents/Revive.swiftpm/Sources/Views/Home/HomeView.swift /Users/adithya/Documents/Revive.swiftpm/Sources/Views/StepCard/ProgressDots.swift /Users/adithya/Documents/Revive.swiftpm/Sources/Views/StepCard/StepCardPager.swift /Users/adithya/Documents/Revive.swiftpm/Sources/Views/StepCard/StepCardView.swift -emit-dependencies-path /Users/adithya/Library/Developer/Xcode/DerivedData/Revive-ajgchooryvcsjkfdigxopqvnhwxt/Build/Intermediates.noindex/Revive.build/Debug-iphonesimulator/Revive.build/Objects-normal/arm64/GuideMainView.d -emit-const-values-path /Users/adithya/Library/Developer/Xcode/DerivedData/Revive-ajgchooryvcsjkfdigxopqvnhwxt/Build/Intermediates.noindex/Revive.build/Debug-iphonesimulator/Revive.build/Objects-normal/arm64/GuideMainView.swiftconstvalues -emit-reference-dependencies-path /Users/adithya/Library/Developer/Xcode/DerivedData/Revive-ajgchooryvcsjkfdigxopqvnhwxt/Build/Intermediates.noindex/Revive.build/Debug-iphonesimulator/Revive.build/Objects-normal/arm64/GuideMainView.swiftdeps -serialize-diagnostics-path /Users/adithya/Library/Developer/Xcode/DerivedData/Revive-ajgchooryvcsjkfdigxopqvnhwxt/Build/Intermediates.noindex/Revive.build/Debug-iphonesimulator/Revive.build/Objects-normal/arm64/GuideMainView.dia -target arm64-apple-ios17.0-simulator -Xllvm -aarch64-use-tbi -enable-objc-interop -sdk /Applications/Xcode.app/Contents/Developer/Platforms/iPhoneSimulator.platform/Developer/SDKs/iPhoneSimulator18.5.sdk -I /Users/adithya/Library/Developer/Xcode/DerivedData/Revive-ajgchooryvcsjkfdigxopqvnhwxt/Build/Products/Debug-iphonesimulator -I /Applications/Xcode.app/Contents/Developer/Platforms/iPhoneSimulator.platform/Developer/usr/lib -F /Users/adithya/Library/Developer/Xcode/DerivedData/Revive-ajgchooryvcsjkfdigxopqvnhwxt/Build/Products/Debug-iphonesimulator -F /Applications/Xcode.app/Contents/Developer/Platforms/iPhoneSimulator.platform/Developer/Library/Frameworks -F /Applications/Xcode.app/Contents/Developer/Platforms/iPhoneSimulator.platform/Developer/SDKs/iPhoneSimulator18.5.sdk/Developer/Library/Frameworks -no-color-diagnostics -enable-testing -g -debug-info-format\=dwarf -dwarf-version\=4 -module-cache-path /Users/adithya/Library/Developer/Xcode/DerivedData/ModuleCache.noindex -swift-version 5 -enforce-exclusivity\=checked -Onone -D SWIFT_PACKAGE -D DEBUG -D Xcode -serialize-debugging-options -const-gather-protocols-file /Users/adithya/Library/Developer/Xcode/DerivedData/Revive-ajgchooryvcsjkfdigxopqvnhwxt/Build/Intermediates.noindex/Revive.build/Debug-iphonesimulator/Revive.build/Objects-normal/arm64/Revive_const_extract_protocols.json -enable-experimental-feature DebugDescriptionMacro -empty-abi-descriptor -plugin-path /Applications/Xcode.app/Contents/Developer/Toolchains/XcodeDefault.xctoolchain/usr/lib/swift/host/plugins/testing -validate-clang-modules-once -clang-build-session-file /Users/adithya/Library/Developer/Xcode/DerivedData/ModuleCache.noindex/Session.modulevalidation -Xcc -working-directory -Xcc /Users/adithya/Documents/Revive.swiftpm/.swiftpm/xcode -resource-dir /Applications/Xcode.app/Contents/Developer/Toolchains/XcodeDefault.xctoolchain/usr/lib/swift -enable-anonymous-context-mangled-names -file-compilation-dir /Users/adithya/Documents/Revive.swiftpm/.swiftpm/xcode -Xcc -ivfsstatcache -Xcc /Users/adithya/Library/Developer/Xcode/DerivedData/SDKStatCaches.noindex/iphonesimulator18.5-22F76-d5fc8ad4295d2ef488fb7d0f804ce0c4.sdkstatcache -Xcc -I/Users/adithya/Library/Developer/Xcode/DerivedData/Revive-ajgchooryvcsjkfdigxopqvnhwxt/Build/Products/Debug-iphonesimulator/include -Xcc -I/Users/adithya/Library/Developer/Xcode/DerivedData/Revive-ajgchooryvcsjkfdigxopqvnhwxt/Build/Intermediates.noindex/Revive.build/Debug-iphonesimulator/Revive.build/DerivedSources-normal/arm64 -Xcc -I/Users/adithya/Library/Developer/Xcode/DerivedData/Revive-ajgchooryvcsjkfdigxopqvnhwxt/Build/Intermediates.noindex/Revive.build/Debug-iphonesimulator/Revive.build/DerivedSources/arm64 -Xcc -I/Users/adithya/Library/Developer/Xcode/DerivedData/Revive-ajgchooryvcsjkfdigxopqvnhwxt/Build/Intermediates.noindex/Revive.build/Debug-iphonesimulator/Revive.build/DerivedSources -Xcc -DSWIFT_PACKAGE -Xcc -DDEBUG\=1 -module-name Revive -frontend-parseable-output -disable-clang-spi -target-sdk-version 18.5 -target-sdk-name iphonesimulator18.5 -external-plugin-path /Applications/Xcode.app/Contents/Developer/Platforms/iPhoneOS.platform/Developer/usr/lib/swift/host/plugins\#/Applications/Xcode.app/Contents/Developer/Platforms/iPhoneOS.platform/Developer/usr/bin/swift-plugin-server -external-plugin-path /Applications/Xcode.app/Contents/Developer/Platforms/iPhoneOS.platform/Developer/usr/local/lib/swift/host/plugins\#/Applications/Xcode.app/Contents/Developer/Platforms/iPhoneOS.platform/Developer/usr/bin/swift-plugin-server -in-process-plugin-server-path /Applications/Xcode.app/Contents/Developer/Toolchains/XcodeDefault.xctoolchain/usr/lib/swift/host/libSwiftInProcPluginServer.dylib -plugin-path /Applications/Xcode.app/Contents/Developer/Toolchains/XcodeDefault.xctoolchain/usr/lib/swift/host/plugins -plugin-path /Applications/Xcode.app/Contents/Developer/Toolchains/XcodeDefault.xctoolchain/usr/local/lib/swift/host/plugins -o /Users/adithya/Library/Developer/Xcode/DerivedData/Revive-ajgchooryvcsjkfdigxopqvnhwxt/Build/Intermediates.noindex/Revive.build/Debug-iphonesimulator/Revive.build/Objects-normal/arm64/GuideMainView.o -index-unit-output-path /Revive.build/Debug-iphonesimulator/Revive.build/Objects-normal/arm64/GuideMainView.o -index-store-path /Users/adithya/Library/Developer/Xcode/DerivedData/Revive-ajgchooryvcsjkfdigxopqvnhwxt/Index.noindex/DataStore -index-system-modules

SwiftCompile normal arm64 /Users/adithya/Documents/Revive.swiftpm/Sources/Views/Guide/GuideMainView.swift (in target 'Revive' from project 'Revive')
    cd /Users/adithya/Documents/Revive.swiftpm/.swiftpm/xcode
    
/Users/adithya/Documents/Revive.swiftpm/Sources/Views/Guide/GuideMainView.swift:36:52: error: type 'DesignSystem' has no member 'trackingTight'
                            .tracking(DesignSystem.trackingTight)
                                      ~~~~~~~~~~~~ ^~~~~~~~~~~~~

SwiftCompile normal arm64 Compiling\ StepCardPager.swift /Users/adithya/Documents/Revive.swiftpm/Sources/Views/StepCard/StepCardPager.swift (in target 'Revive' from project 'Revive')

SwiftCompile normal arm64 /Users/adithya/Documents/Revive.swiftpm/Sources/Views/StepCard/StepCardPager.swift (in target 'Revive' from project 'Revive')
    cd /Users/adithya/Documents/Revive.swiftpm/.swiftpm/xcode
    
/Users/adithya/Documents/Revive.swiftpm/Sources/Views/StepCard/StepCardPager.swift:53:18: warning: 'onChange(of:perform:)' was deprecated in iOS 17.0: Use `onChange` with a two or zero parameter action closure instead.
                .onChange(of: currentStepIndex) { newIndex in
                 ^

SwiftCompile normal arm64 Compiling\ InjuryTypeView.swift,\ InventoryQuestionView.swift /Users/adithya/Documents/Revive.swiftpm/Sources/Views/Emergency/Hurt/InjuryTypeView.swift /Users/adithya/Documents/Revive.swiftpm/Sources/Views/Emergency/InventoryQuestionView.swift (in target 'Revive' from project 'Revive')

SwiftCompile normal arm64 /Users/adithya/Documents/Revive.swiftpm/Sources/Views/Emergency/Hurt/InjuryTypeView.swift (in target 'Revive' from project 'Revive')
    cd /Users/adithya/Documents/Revive.swiftpm/.swiftpm/xcode
    

SwiftCompile normal arm64 /Users/adithya/Documents/Revive.swiftpm/Sources/Views/Emergency/InventoryQuestionView.swift (in target 'Revive' from project 'Revive')
    cd /Users/adithya/Documents/Revive.swiftpm/.swiftpm/xcode
    

SwiftCompile normal arm64 Compiling\ HomeView.swift /Users/adithya/Documents/Revive.swiftpm/Sources/Views/Home/HomeView.swift (in target 'Revive' from project 'Revive')

SwiftDriverJobDiscovery normal arm64 Compiling StepCardPager.swift (in target 'Revive' from project 'Revive')

SwiftDriverJobDiscovery normal arm64 Emitting module for Revive (in target 'Revive' from project 'Revive')

SwiftDriverJobDiscovery normal arm64 Compiling ArticleView.swift, DomainDetailView.swift (in target 'Revive' from project 'Revive')

SwiftDriverJobDiscovery normal arm64 Compiling InjuryTypeView.swift, InventoryQuestionView.swift (in target 'Revive' from project 'Revive')

SwiftDriverJobDiscovery normal arm64 Compiling StepCardView.swift (in target 'Revive' from project 'Revive')

** BUILD FAILED **


The following build commands failed:
	SwiftCompile normal arm64 Compiling\ GuideMainView.swift /Users/adithya/Documents/Revive.swiftpm/Sources/Views/Guide/GuideMainView.swift (in target 'Revive' from project 'Revive')
	SwiftCompile normal arm64 /Users/adithya/Documents/Revive.swiftpm/Sources/Views/Guide/GuideMainView.swift (in target 'Revive' from project 'Revive')
	Building workspace Revive with scheme Revive
(3 failures)
